#
# There is insufficient memory for the Java Runtime Environment to continue.
# Native memory allocation (malloc) failed to allocate 1136976 bytes. Error detail: Chunk::new
# Possible reasons:
#   The system is out of physical RAM or swap space
#   This process is running with CompressedOops enabled, and the Java Heap may be blocking the growth of the native heap
# Possible solutions:
#   Reduce memory load on the system
#   Increase physical memory or swap space
#   Check if swap backing store is full
#   Decrease Java heap size (-Xmx/-Xms)
#   Decrease number of Java threads
#   Decrease Java thread stack sizes (-Xss)
#   Set larger code cache with -XX:ReservedCodeCacheSize=
#   JVM is running with Unscaled Compressed Oops mode in which the Java heap is
#     placed in the first 4GB address space. The Java Heap base address is the
#     maximum limit for the native heap growth. Please use -XX:HeapBaseMinAddress
#     to set the Java Heap base and to place the Java Heap above 4GB virtual address.
# This output file may be truncated or incomplete.
#
#  Out of Memory Error (arena.cpp:168), pid=15480, tid=15416
#
# JRE version: OpenJDK Runtime Environment Temurin-21.0.7+6 (21.0.7+6) (build 21.0.7+6-LTS)
# Java VM: OpenJDK 64-Bit Server VM Temurin-21.0.7+6 (21.0.7+6-LTS, mixed mode, sharing, tiered, compressed oops, compressed class ptrs, parallel gc, windows-amd64)
# No core dump will be written. Minidumps are not enabled by default on client versions of Windows
#

---------------  S U M M A R Y ------------

Command Line: --add-modules=ALL-SYSTEM --add-opens=java.base/java.util=ALL-UNNAMED --add-opens=java.base/java.lang=ALL-UNNAMED --add-opens=java.base/sun.nio.fs=ALL-UNNAMED -Declipse.application=org.eclipse.jdt.ls.core.id1 -Dosgi.bundles.defaultStartLevel=4 -Declipse.product=org.eclipse.jdt.ls.core.product -Djava.import.generatesMetadataFilesAtProjectRoot=false -DDetectVMInstallationsJob.disabled=true -Dfile.encoding=utf8 -XX:+UseParallelGC -XX:GCTimeRatio=4 -XX:AdaptiveSizePolicyWeight=90 -Dsun.zip.disableMemoryMapping=true -Xmx2G -Xms100m -Xlog:disable -javaagent:c:\Users\Hp\.vscode\extensions\redhat.java-1.43.1-win32-x64\lombok\lombok-1.18.39-4050.jar -XX:+HeapDumpOnOutOfMemoryError -XX:HeapDumpPath=c:\Users\Hp\AppData\Roaming\Code\User\workspaceStorage\ad7014da6c8dbb420a031d44aa673aef\redhat.java -Daether.dependencyCollector.impl=bf c:\Users\Hp\.vscode\extensions\redhat.java-1.43.1-win32-x64\server\plugins\org.eclipse.equinox.launcher_1.7.0.v20250519-0528.jar -configuration c:\Users\Hp\AppData\Roaming\Code\User\globalStorage\redhat.java\1.43.1\config_win -data c:\Users\Hp\AppData\Roaming\Code\User\workspaceStorage\ad7014da6c8dbb420a031d44aa673aef\redhat.java\jdt_ws --pipe=\\.\pipe\lsp-66dcfc4dbefb3d5fbb6b3532d21baac7-sock

Host: 12th Gen Intel(R) Core(TM) i5-12450H, 5 cores, 15G,  Windows 11 , 64 bit Build 26100 (10.0.26100.4484)
Time: Thu Jul 17 11:01:18 2025 India Standard Time elapsed time: 24.022270 seconds (0d 0h 0m 24s)

---------------  T H R E A D  ---------------

Current thread (0x0000017b223e3e10):  JavaThread "C2 CompilerThread0" daemon [_thread_in_native, id=15416, stack(0x0000003cede00000,0x0000003cedf00000) (1024K)]


Current CompileTask:
C2:24022 9269       4       org.eclipse.jdt.internal.compiler.util.JrtFileSystem$2::visitFile (72 bytes)

Stack: [0x0000003cede00000,0x0000003cedf00000]
Native frames: (J=compiled Java code, j=interpreted, Vv=VM code, C=native code)
V  [jvm.dll+0x6ce119]
V  [jvm.dll+0x8a84a1]
V  [jvm.dll+0x8aa9ce]
V  [jvm.dll+0x8ab0b3]
V  [jvm.dll+0x27f8a6]
V  [jvm.dll+0xc507d]
V  [jvm.dll+0xc55b3]
V  [jvm.dll+0x3b68f2]
V  [jvm.dll+0x1dfe33]
V  [jvm.dll+0x247c42]
V  [jvm.dll+0x2470cf]
V  [jvm.dll+0x1c760e]
V  [jvm.dll+0x25695a]
V  [jvm.dll+0x254efa]
V  [jvm.dll+0x3f03f6]
V  [jvm.dll+0x851f6b]
V  [jvm.dll+0x6cc7dd]
C  [ucrtbase.dll+0x37b0]
C  [KERNEL32.DLL+0x2e8d7]
C  [ntdll.dll+0x3c34c]


---------------  P R O C E S S  ---------------

Threads class SMR info:
_java_thread_list=0x0000017b6afb4eb0, length=38, elements={
0x0000017b0b9dc580, 0x0000017b223d8410, 0x0000017b223db530, 0x0000017b223de8b0,
0x0000017b223df500, 0x0000017b223e2590, 0x0000017b223e2fe0, 0x0000017b223e3e10,
0x0000017b22452b70, 0x0000017b644bef60, 0x0000017b646151d0, 0x0000017b6976c670,
0x0000017b22411ad0, 0x0000017b69234620, 0x0000017b69558410, 0x0000017b691a2420,
0x0000017b6985a760, 0x0000017b692bfaa0, 0x0000017b692c2890, 0x0000017b69b063b0,
0x0000017b692c1b70, 0x0000017b692bf410, 0x0000017b692c0130, 0x0000017b692c07c0,
0x0000017b692c0e50, 0x0000017b692c2200, 0x0000017b692c14e0, 0x0000017b6c06a770,
0x0000017b6c069a50, 0x0000017b6c06ae00, 0x0000017b6c06a0e0, 0x0000017b6c06b490,
0x0000017b6c068d30, 0x0000017b6c068010, 0x0000017b6c06bb20, 0x0000017b6c06c840,
0x0000017b6c0693c0, 0x0000017b6c06ced0
}

Java Threads: ( => current thread )
  0x0000017b0b9dc580 JavaThread "main"                              [_thread_blocked, id=21924, stack(0x0000003ced400000,0x0000003ced500000) (1024K)]
  0x0000017b223d8410 JavaThread "Reference Handler"          daemon [_thread_blocked, id=11236, stack(0x0000003ced800000,0x0000003ced900000) (1024K)]
  0x0000017b223db530 JavaThread "Finalizer"                  daemon [_thread_blocked, id=18048, stack(0x0000003ced900000,0x0000003ceda00000) (1024K)]
  0x0000017b223de8b0 JavaThread "Signal Dispatcher"          daemon [_thread_blocked, id=20876, stack(0x0000003ceda00000,0x0000003cedb00000) (1024K)]
  0x0000017b223df500 JavaThread "Attach Listener"            daemon [_thread_blocked, id=2636, stack(0x0000003cedb00000,0x0000003cedc00000) (1024K)]
  0x0000017b223e2590 JavaThread "Service Thread"             daemon [_thread_blocked, id=8172, stack(0x0000003cedc00000,0x0000003cedd00000) (1024K)]
  0x0000017b223e2fe0 JavaThread "Monitor Deflation Thread"   daemon [_thread_blocked, id=14928, stack(0x0000003cedd00000,0x0000003cede00000) (1024K)]
=>0x0000017b223e3e10 JavaThread "C2 CompilerThread0"         daemon [_thread_in_native, id=15416, stack(0x0000003cede00000,0x0000003cedf00000) (1024K)]
  0x0000017b22452b70 JavaThread "C1 CompilerThread0"         daemon [_thread_blocked, id=21500, stack(0x0000003cedf00000,0x0000003cee000000) (1024K)]
  0x0000017b644bef60 JavaThread "Common-Cleaner"             daemon [_thread_blocked, id=4800, stack(0x0000003cee000000,0x0000003cee100000) (1024K)]
  0x0000017b646151d0 JavaThread "Notification Thread"        daemon [_thread_blocked, id=17268, stack(0x0000003cee100000,0x0000003cee200000) (1024K)]
  0x0000017b6976c670 JavaThread "Active Thread: Equinox Container: 356cf977-e077-4536-a409-7f00083df01d"        [_thread_blocked, id=15288, stack(0x0000003cee700000,0x0000003cee800000) (1024K)]
  0x0000017b22411ad0 JavaThread "Refresh Thread: Equinox Container: 356cf977-e077-4536-a409-7f00083df01d" daemon [_thread_blocked, id=22132, stack(0x0000003cee200000,0x0000003cee300000) (1024K)]
  0x0000017b69234620 JavaThread "Framework Event Dispatcher: Equinox Container: 356cf977-e077-4536-a409-7f00083df01d" daemon [_thread_blocked, id=21840, stack(0x0000003cee800000,0x0000003cee900000) (1024K)]
  0x0000017b69558410 JavaThread "Start Level: Equinox Container: 356cf977-e077-4536-a409-7f00083df01d" daemon [_thread_blocked, id=13396, stack(0x0000003cee900000,0x0000003ceea00000) (1024K)]
  0x0000017b691a2420 JavaThread "Bundle File Closer"         daemon [_thread_blocked, id=5548, stack(0x0000003ceea00000,0x0000003ceeb00000) (1024K)]
  0x0000017b6985a760 JavaThread "SCR Component Actor"        daemon [_thread_blocked, id=17056, stack(0x0000003ceeb00000,0x0000003ceec00000) (1024K)]
  0x0000017b692bfaa0 JavaThread "Worker-JM"                         [_thread_blocked, id=19348, stack(0x0000003ceee00000,0x0000003ceef00000) (1024K)]
  0x0000017b692c2890 JavaThread "JNA Cleaner"                daemon [_thread_blocked, id=9260, stack(0x0000003ceed00000,0x0000003ceee00000) (1024K)]
  0x0000017b69b063b0 JavaThread "C2 CompilerThread1"         daemon [_thread_blocked, id=2184, stack(0x0000003ceef00000,0x0000003cef000000) (1024K)]
  0x0000017b692c1b70 JavaThread "Worker-0"                          [_thread_blocked, id=15096, stack(0x0000003cef000000,0x0000003cef100000) (1024K)]
  0x0000017b692bf410 JavaThread "Worker-1"                          [_thread_blocked, id=18292, stack(0x0000003cef100000,0x0000003cef200000) (1024K)]
  0x0000017b692c0130 JavaThread "Java indexing"              daemon [_thread_blocked, id=16260, stack(0x0000003cef200000,0x0000003cef300000) (1024K)]
  0x0000017b692c07c0 JavaThread "Worker-2"                          [_thread_blocked, id=20208, stack(0x0000003cef500000,0x0000003cef600000) (1024K)]
  0x0000017b692c0e50 JavaThread "Worker-3: Java indexing... "        [_thread_blocked, id=19708, stack(0x0000003cef600000,0x0000003cef700000) (1024K)]
  0x0000017b692c2200 JavaThread "Thread-2"                   daemon [_thread_in_native, id=21868, stack(0x0000003cef700000,0x0000003cef800000) (1024K)]
  0x0000017b692c14e0 JavaThread "Thread-3"                   daemon [_thread_in_native, id=18100, stack(0x0000003cef800000,0x0000003cef900000) (1024K)]
  0x0000017b6c06a770 JavaThread "Thread-4"                   daemon [_thread_in_native, id=1680, stack(0x0000003cef900000,0x0000003cefa00000) (1024K)]
  0x0000017b6c069a50 JavaThread "Thread-5"                   daemon [_thread_in_native, id=21468, stack(0x0000003cefa00000,0x0000003cefb00000) (1024K)]
  0x0000017b6c06ae00 JavaThread "Thread-6"                   daemon [_thread_in_native, id=22140, stack(0x0000003cefb00000,0x0000003cefc00000) (1024K)]
  0x0000017b6c06a0e0 JavaThread "Thread-7"                   daemon [_thread_in_native, id=8500, stack(0x0000003cefc00000,0x0000003cefd00000) (1024K)]
  0x0000017b6c06b490 JavaThread "Worker-4: Building"                [_thread_in_native, id=18328, stack(0x0000003cefd00000,0x0000003cefe00000) (1024K)]
  0x0000017b6c068d30 JavaThread "pool-2-thread-1"                   [_thread_blocked, id=20256, stack(0x0000003cefe00000,0x0000003ceff00000) (1024K)]
  0x0000017b6c068010 JavaThread "Worker-5"                          [_thread_blocked, id=11176, stack(0x0000003ceff00000,0x0000003cf0000000) (1024K)]
  0x0000017b6c06bb20 JavaThread "Worker-6"                          [_thread_blocked, id=21036, stack(0x0000003cf0000000,0x0000003cf0100000) (1024K)]
  0x0000017b6c06c840 JavaThread "WorkspaceEventsHandler"            [_thread_blocked, id=20292, stack(0x0000003cf0200000,0x0000003cf0300000) (1024K)]
  0x0000017b6c0693c0 JavaThread "pool-1-thread-1"                   [_thread_blocked, id=21644, stack(0x0000003cf0300000,0x0000003cf0400000) (1024K)]
  0x0000017b6c06ced0 JavaThread "Keep-Alive-Timer"           daemon [_thread_blocked, id=10724, stack(0x0000003cf0400000,0x0000003cf0500000) (1024K)]
Total: 38

Other Threads:
  0x0000017b223bfbd0 VMThread "VM Thread"                           [id=12772, stack(0x0000003ced700000,0x0000003ced800000) (1024K)]
  0x0000017b2235ca00 WatcherThread "VM Periodic Task Thread"        [id=4148, stack(0x0000003ced600000,0x0000003ced700000) (1024K)]
  0x0000017b0b9fb910 WorkerThread "GC Thread#0"                     [id=10228, stack(0x0000003ced500000,0x0000003ced600000) (1024K)]
  0x0000017b6937adc0 WorkerThread "GC Thread#1"                     [id=9728, stack(0x0000003cee300000,0x0000003cee400000) (1024K)]
  0x0000017b6937f340 WorkerThread "GC Thread#2"                     [id=15960, stack(0x0000003cee400000,0x0000003cee500000) (1024K)]
  0x0000017b6937f6e0 WorkerThread "GC Thread#3"                     [id=18416, stack(0x0000003cee500000,0x0000003cee600000) (1024K)]
  0x0000017b6937fa80 WorkerThread "GC Thread#4"                     [id=19648, stack(0x0000003cee600000,0x0000003cee700000) (1024K)]
Total: 7

Threads with active compile tasks:
C2 CompilerThread0  24042 9269       4       org.eclipse.jdt.internal.compiler.util.JrtFileSystem$2::visitFile (72 bytes)
Total: 1

VM state: at safepoint (normal execution)

VM Mutex/Monitor currently owned by a thread:  ([mutex/lock_event])
[0x00007ffce216e308] Threads_lock - owner thread: 0x0000017b223bfbd0
[0x00007ffce216e408] Heap_lock - owner thread: 0x0000017b692c0130
[0x00007ffce216e888] PSOldGenExpand_lock - owner thread: 0x0000017b6937fa80

Heap address: 0x0000000080000000, size: 2048 MB, Compressed Oops mode: 32-bit

CDS archive(s) mapped at: [0x0000017b23000000-0x0000017b23ba0000-0x0000017b23ba0000), size 12189696, SharedBaseAddress: 0x0000017b23000000, ArchiveRelocationMode: 1.
Compressed class space mapped at: 0x0000017b24000000-0x0000017b64000000, reserved size: 1073741824
Narrow klass base: 0x0000017b23000000, Narrow klass shift: 0, Narrow klass range: 0x100000000

GC Precious Log:
 CardTable entry size: 512
 CPUs: 5 total, 5 available
 Memory: 16052M
 Large Page Support: Disabled
 NUMA Support: Disabled
 Compressed Oops: Enabled (32-bit)
 Alignments: Space 512K, Generation 512K, Heap 2M
 Heap Min Capacity: 100M
 Heap Initial Capacity: 100M
 Heap Max Capacity: 2G
 Pre-touch: Disabled
 Parallel Workers: 5

Heap:
 PSYoungGen      total 4096K, used 3853K [0x00000000d5580000, 0x00000000d5a80000, 0x0000000100000000)
  eden space 3072K, 100% used [0x00000000d5580000,0x00000000d5880000,0x00000000d5880000)
  from space 1024K, 76% used [0x00000000d5880000,0x00000000d5943708,0x00000000d5980000)
  to   space 1024K, 76% used [0x00000000d5980000,0x00000000d5a44f98,0x00000000d5a80000)
 ParOldGen       total 136704K, used 136701K [0x0000000080000000, 0x0000000088580000, 0x00000000d5580000)
  object space 136704K, 99% used [0x0000000080000000,0x000000008857f470,0x0000000088580000)
 Metaspace       used 54084K, committed 55296K, reserved 1114112K
  class space    used 5691K, committed 6208K, reserved 1048576K

Card table byte_map: [0x0000017b0b3a0000,0x0000017b0b7b0000] _byte_map_base: 0x0000017b0afa0000

Marking Bits: (ParMarkBitMap*) 0x00007ffce21731f0
 Begin Bits: [0x0000017b1de80000, 0x0000017b1fe80000)
 End Bits:   [0x0000017b1fe80000, 0x0000017b21e80000)

Polling page: 0x0000017b096f0000

Metaspace:

Usage:
  Non-class:     47.26 MB used.
      Class:      5.56 MB used.
       Both:     52.82 MB used.

Virtual space:
  Non-class space:       64.00 MB reserved,      47.94 MB ( 75%) committed,  1 nodes.
      Class space:        1.00 GB reserved,       6.06 MB ( <1%) committed,  1 nodes.
             Both:        1.06 GB reserved,      54.00 MB (  5%) committed. 

Chunk freelists:
   Non-Class:  14.97 MB
       Class:  9.86 MB
        Both:  24.83 MB

MaxMetaspaceSize: unlimited
CompressedClassSpaceSize: 1.00 GB
Initial GC threshold: 21.00 MB
Current GC threshold: 58.88 MB
CDS: on
 - commit_granule_bytes: 65536.
 - commit_granule_words: 8192.
 - virtual_space_node_default_size: 8388608.
 - enlarge_chunks_in_place: 1.
 - use_allocation_guard: 0.


Internal statistics:

num_allocs_failed_limit: 10.
num_arena_births: 892.
num_arena_deaths: 14.
num_vsnodes_births: 2.
num_vsnodes_deaths: 0.
num_space_committed: 864.
num_space_uncommitted: 0.
num_chunks_returned_to_freelist: 24.
num_chunks_taken_from_freelist: 3085.
num_chunk_merges: 10.
num_chunk_splits: 1926.
num_chunks_enlarged: 1143.
num_inconsistent_stats: 0.

CodeHeap 'non-profiled nmethods': size=120000Kb used=5962Kb max_used=5962Kb free=114037Kb
 bounds [0x0000017b166a0000, 0x0000017b16c80000, 0x0000017b1dbd0000]
CodeHeap 'profiled nmethods': size=120000Kb used=18599Kb max_used=18599Kb free=101400Kb
 bounds [0x0000017b0ebd0000, 0x0000017b0fe00000, 0x0000017b16100000]
CodeHeap 'non-nmethods': size=5760Kb used=1429Kb max_used=1487Kb free=4330Kb
 bounds [0x0000017b16100000, 0x0000017b16370000, 0x0000017b166a0000]
 total_blobs=9411 nmethods=8674 adapters=643
 compilation: enabled
              stopped_count=0, restarted_count=0
 full_count=0

Compilation events (20 events):
Event: 23.838 Thread 0x0000017b69b063b0 9300       4       jdk.internal.jrtfs.JrtFileSystem$1::close (10 bytes)
Event: 23.839 Thread 0x0000017b69b063b0 nmethod 9300 0x0000017b16c6b190 code [0x0000017b16c6b340, 0x0000017b16c6b740]
Event: 23.839 Thread 0x0000017b69b063b0 9301       4       java.lang.StringConcatHelper::prepend (22 bytes)
Event: 23.840 Thread 0x0000017b69b063b0 nmethod 9301 0x0000017b16c6b890 code [0x0000017b16c6ba20, 0x0000017b16c6bb50]
Event: 23.840 Thread 0x0000017b69b063b0 9302       4       java.lang.StringConcatHelper::prepend (38 bytes)
Event: 23.841 Thread 0x0000017b69b063b0 nmethod 9302 0x0000017b16c6bc90 code [0x0000017b16c6be20, 0x0000017b16c6bf20]
Event: 23.841 Thread 0x0000017b69b063b0 9262       4       org.eclipse.jdt.internal.compiler.util.HashtableOfObject::calculateNewSize (91 bytes)
Event: 23.841 Thread 0x0000017b69b063b0 nmethod 9262 0x0000017b16c6c010 code [0x0000017b16c6c1a0, 0x0000017b16c6c260]
Event: 23.849 Thread 0x0000017b69b063b0 9308       4       org.eclipse.jdt.internal.compiler.util.Util::scanIdentifier (71 bytes)
Event: 23.850 Thread 0x0000017b69b063b0 nmethod 9308 0x0000017b16c6c310 code [0x0000017b16c6c4a0, 0x0000017b16c6c678]
Event: 23.850 Thread 0x0000017b69b063b0 9309       4       org.eclipse.jdt.internal.core.search.indexing.AbstractIndexer::erasure (21 bytes)
Event: 23.852 Thread 0x0000017b69b063b0 nmethod 9309 0x0000017b16c6c810 code [0x0000017b16c6c9a0, 0x0000017b16c6cb20]
Event: 23.862 Thread 0x0000017b69b063b0 9310       4       org.eclipse.jdt.internal.core.search.matching.SuperTypeReferencePattern::createIndexKey (619 bytes)
Event: 23.863 Thread 0x0000017b22452b70 9311   !   3       java.nio.file.Files::walkFileTree (297 bytes)
Event: 23.976 Thread 0x0000017b22452b70 nmethod 9311 0x0000017b0fdf6310 code [0x0000017b0fdf6780, 0x0000017b0fdf8b58]
Event: 24.015 Thread 0x0000017b69b063b0 nmethod 9310 0x0000017b16c6cc90 code [0x0000017b16c6cfa0, 0x0000017b16c6f7c8]
Event: 24.015 Thread 0x0000017b69b063b0 9312       4       java.lang.StringBuilder::getChars (10 bytes)
Event: 24.016 Thread 0x0000017b69b063b0 nmethod 9312 0x0000017b16c70f10 code [0x0000017b16c710c0, 0x0000017b16c71450]
Event: 24.016 Thread 0x0000017b69b063b0 9313       4       java.lang.AbstractStringBuilder::getChars (69 bytes)
Event: 24.018 Thread 0x0000017b69b063b0 nmethod 9313 0x0000017b16c71690 code [0x0000017b16c71840, 0x0000017b16c71bd0]

GC Heap History (20 events):
Event: 23.676 GC heap before
{Heap before GC invocations=94 (full 2):
 PSYoungGen      total 4608K, used 4563K [0x00000000d5580000, 0x00000000d5c00000, 0x0000000100000000)
  eden space 3584K, 100% used [0x00000000d5580000,0x00000000d5900000,0x00000000d5900000)
  from space 1024K, 95% used [0x00000000d5900000,0x00000000d59f4e60,0x00000000d5a00000)
  to   space 1536K, 0% used [0x00000000d5a80000,0x00000000d5a80000,0x00000000d5c00000)
 ParOldGen       total 128512K, used 128294K [0x0000000080000000, 0x0000000087d80000, 0x00000000d5580000)
  object space 128512K, 99% used [0x0000000080000000,0x0000000087d49900,0x0000000087d80000)
 Metaspace       used 54084K, committed 55296K, reserved 1114112K
  class space    used 5691K, committed 6208K, reserved 1048576K
}
Event: 23.677 GC heap after
{Heap after GC invocations=94 (full 2):
 PSYoungGen      total 4608K, used 960K [0x00000000d5580000, 0x00000000d5b80000, 0x0000000100000000)
  eden space 3584K, 0% used [0x00000000d5580000,0x00000000d5580000,0x00000000d5900000)
  from space 1024K, 93% used [0x00000000d5a80000,0x00000000d5b70000,0x00000000d5b80000)
  to   space 1024K, 0% used [0x00000000d5900000,0x00000000d5900000,0x00000000d5a00000)
 ParOldGen       total 129536K, used 129175K [0x0000000080000000, 0x0000000087e80000, 0x00000000d5580000)
  object space 129536K, 99% used [0x0000000080000000,0x0000000087e25c50,0x0000000087e80000)
 Metaspace       used 54084K, committed 55296K, reserved 1114112K
  class space    used 5691K, committed 6208K, reserved 1048576K
}
Event: 23.686 GC heap before
{Heap before GC invocations=95 (full 2):
 PSYoungGen      total 4608K, used 4544K [0x00000000d5580000, 0x00000000d5b80000, 0x0000000100000000)
  eden space 3584K, 100% used [0x00000000d5580000,0x00000000d5900000,0x00000000d5900000)
  from space 1024K, 93% used [0x00000000d5a80000,0x00000000d5b70000,0x00000000d5b80000)
  to   space 1024K, 0% used [0x00000000d5900000,0x00000000d5900000,0x00000000d5a00000)
 ParOldGen       total 129536K, used 129175K [0x0000000080000000, 0x0000000087e80000, 0x00000000d5580000)
  object space 129536K, 99% used [0x0000000080000000,0x0000000087e25c50,0x0000000087e80000)
 Metaspace       used 54084K, committed 55296K, reserved 1114112K
  class space    used 5691K, committed 6208K, reserved 1048576K
}
Event: 23.690 GC heap after
{Heap after GC invocations=95 (full 2):
 PSYoungGen      total 4608K, used 855K [0x00000000d5580000, 0x00000000d5b00000, 0x0000000100000000)
  eden space 3584K, 0% used [0x00000000d5580000,0x00000000d5580000,0x00000000d5900000)
  from space 1024K, 83% used [0x00000000d5900000,0x00000000d59d5cc0,0x00000000d5a00000)
  to   space 1024K, 0% used [0x00000000d5a00000,0x00000000d5a00000,0x00000000d5b00000)
 ParOldGen       total 130560K, used 130055K [0x0000000080000000, 0x0000000087f80000, 0x00000000d5580000)
  object space 130560K, 99% used [0x0000000080000000,0x0000000087f01d90,0x0000000087f80000)
 Metaspace       used 54084K, committed 55296K, reserved 1114112K
  class space    used 5691K, committed 6208K, reserved 1048576K
}
Event: 23.698 GC heap before
{Heap before GC invocations=96 (full 2):
 PSYoungGen      total 4608K, used 4439K [0x00000000d5580000, 0x00000000d5b00000, 0x0000000100000000)
  eden space 3584K, 100% used [0x00000000d5580000,0x00000000d5900000,0x00000000d5900000)
  from space 1024K, 83% used [0x00000000d5900000,0x00000000d59d5cc0,0x00000000d5a00000)
  to   space 1024K, 0% used [0x00000000d5a00000,0x00000000d5a00000,0x00000000d5b00000)
 ParOldGen       total 130560K, used 130055K [0x0000000080000000, 0x0000000087f80000, 0x00000000d5580000)
  object space 130560K, 99% used [0x0000000080000000,0x0000000087f01d90,0x0000000087f80000)
 Metaspace       used 54084K, committed 55296K, reserved 1114112K
  class space    used 5691K, committed 6208K, reserved 1048576K
}
Event: 23.699 GC heap after
{Heap after GC invocations=96 (full 2):
 PSYoungGen      total 4096K, used 1010K [0x00000000d5580000, 0x00000000d5c00000, 0x0000000100000000)
  eden space 3072K, 0% used [0x00000000d5580000,0x00000000d5580000,0x00000000d5880000)
  from space 1024K, 98% used [0x00000000d5a00000,0x00000000d5afca78,0x00000000d5b00000)
  to   space 1536K, 0% used [0x00000000d5880000,0x00000000d5880000,0x00000000d5a00000)
 ParOldGen       total 131072K, used 130890K [0x0000000080000000, 0x0000000088000000, 0x00000000d5580000)
  object space 131072K, 99% used [0x0000000080000000,0x0000000087fd2bb0,0x0000000088000000)
 Metaspace       used 54084K, committed 55296K, reserved 1114112K
  class space    used 5691K, committed 6208K, reserved 1048576K
}
Event: 23.706 GC heap before
{Heap before GC invocations=97 (full 2):
 PSYoungGen      total 4096K, used 4082K [0x00000000d5580000, 0x00000000d5c00000, 0x0000000100000000)
  eden space 3072K, 100% used [0x00000000d5580000,0x00000000d5880000,0x00000000d5880000)
  from space 1024K, 98% used [0x00000000d5a00000,0x00000000d5afca78,0x00000000d5b00000)
  to   space 1536K, 0% used [0x00000000d5880000,0x00000000d5880000,0x00000000d5a00000)
 ParOldGen       total 131072K, used 130890K [0x0000000080000000, 0x0000000088000000, 0x00000000d5580000)
  object space 131072K, 99% used [0x0000000080000000,0x0000000087fd2bb0,0x0000000088000000)
 Metaspace       used 54084K, committed 55296K, reserved 1114112K
  class space    used 5691K, committed 6208K, reserved 1048576K
}
Event: 23.707 GC heap after
{Heap after GC invocations=97 (full 2):
 PSYoungGen      total 4096K, used 736K [0x00000000d5580000, 0x00000000d5a80000, 0x0000000100000000)
  eden space 3072K, 0% used [0x00000000d5580000,0x00000000d5580000,0x00000000d5880000)
  from space 1024K, 71% used [0x00000000d5880000,0x00000000d5938000,0x00000000d5980000)
  to   space 1024K, 0% used [0x00000000d5980000,0x00000000d5980000,0x00000000d5a80000)
 ParOldGen       total 132096K, used 131792K [0x0000000080000000, 0x0000000088100000, 0x00000000d5580000)
  object space 132096K, 99% used [0x0000000080000000,0x00000000880b4088,0x0000000088100000)
 Metaspace       used 54084K, committed 55296K, reserved 1114112K
  class space    used 5691K, committed 6208K, reserved 1048576K
}
Event: 23.718 GC heap before
{Heap before GC invocations=98 (full 2):
 PSYoungGen      total 4096K, used 3808K [0x00000000d5580000, 0x00000000d5a80000, 0x0000000100000000)
  eden space 3072K, 100% used [0x00000000d5580000,0x00000000d5880000,0x00000000d5880000)
  from space 1024K, 71% used [0x00000000d5880000,0x00000000d5938000,0x00000000d5980000)
  to   space 1024K, 0% used [0x00000000d5980000,0x00000000d5980000,0x00000000d5a80000)
 ParOldGen       total 132096K, used 131792K [0x0000000080000000, 0x0000000088100000, 0x00000000d5580000)
  object space 132096K, 99% used [0x0000000080000000,0x00000000880b4088,0x0000000088100000)
 Metaspace       used 54084K, committed 55296K, reserved 1114112K
  class space    used 5691K, committed 6208K, reserved 1048576K
}
Event: 23.720 GC heap after
{Heap after GC invocations=98 (full 2):
 PSYoungGen      total 4096K, used 800K [0x00000000d5580000, 0x00000000d5a80000, 0x0000000100000000)
  eden space 3072K, 0% used [0x00000000d5580000,0x00000000d5580000,0x00000000d5880000)
  from space 1024K, 78% used [0x00000000d5980000,0x00000000d5a48000,0x00000000d5a80000)
  to   space 1024K, 0% used [0x00000000d5880000,0x00000000d5880000,0x00000000d5980000)
 ParOldGen       total 132608K, used 132468K [0x0000000080000000, 0x0000000088180000, 0x00000000d5580000)
  object space 132608K, 99% used [0x0000000080000000,0x000000008815d048,0x0000000088180000)
 Metaspace       used 54084K, committed 55296K, reserved 1114112K
  class space    used 5691K, committed 6208K, reserved 1048576K
}
Event: 23.757 GC heap before
{Heap before GC invocations=99 (full 2):
 PSYoungGen      total 4096K, used 3872K [0x00000000d5580000, 0x00000000d5a80000, 0x0000000100000000)
  eden space 3072K, 100% used [0x00000000d5580000,0x00000000d5880000,0x00000000d5880000)
  from space 1024K, 78% used [0x00000000d5980000,0x00000000d5a48000,0x00000000d5a80000)
  to   space 1024K, 0% used [0x00000000d5880000,0x00000000d5880000,0x00000000d5980000)
 ParOldGen       total 132608K, used 132468K [0x0000000080000000, 0x0000000088180000, 0x00000000d5580000)
  object space 132608K, 99% used [0x0000000080000000,0x000000008815d048,0x0000000088180000)
 Metaspace       used 54084K, committed 55296K, reserved 1114112K
  class space    used 5691K, committed 6208K, reserved 1048576K
}
Event: 23.759 GC heap after
{Heap after GC invocations=99 (full 2):
 PSYoungGen      total 4096K, used 820K [0x00000000d5580000, 0x00000000d5a80000, 0x0000000100000000)
  eden space 3072K, 0% used [0x00000000d5580000,0x00000000d5580000,0x00000000d5880000)
  from space 1024K, 80% used [0x00000000d5880000,0x00000000d594d198,0x00000000d5980000)
  to   space 1024K, 0% used [0x00000000d5980000,0x00000000d5980000,0x00000000d5a80000)
 ParOldGen       total 133632K, used 133199K [0x0000000080000000, 0x0000000088280000, 0x00000000d5580000)
  object space 133632K, 99% used [0x0000000080000000,0x0000000088213e20,0x0000000088280000)
 Metaspace       used 54084K, committed 55296K, reserved 1114112K
  class space    used 5691K, committed 6208K, reserved 1048576K
}
Event: 23.780 GC heap before
{Heap before GC invocations=100 (full 2):
 PSYoungGen      total 4096K, used 3892K [0x00000000d5580000, 0x00000000d5a80000, 0x0000000100000000)
  eden space 3072K, 100% used [0x00000000d5580000,0x00000000d5880000,0x00000000d5880000)
  from space 1024K, 80% used [0x00000000d5880000,0x00000000d594d198,0x00000000d5980000)
  to   space 1024K, 0% used [0x00000000d5980000,0x00000000d5980000,0x00000000d5a80000)
 ParOldGen       total 133632K, used 133199K [0x0000000080000000, 0x0000000088280000, 0x00000000d5580000)
  object space 133632K, 99% used [0x0000000080000000,0x0000000088213e20,0x0000000088280000)
 Metaspace       used 54084K, committed 55296K, reserved 1114112K
  class space    used 5691K, committed 6208K, reserved 1048576K
}
Event: 23.780 GC heap after
{Heap after GC invocations=100 (full 2):
 PSYoungGen      total 4096K, used 824K [0x00000000d5580000, 0x00000000d5a80000, 0x0000000100000000)
  eden space 3072K, 0% used [0x00000000d5580000,0x00000000d5580000,0x00000000d5880000)
  from space 1024K, 80% used [0x00000000d5980000,0x00000000d5a4e2b0,0x00000000d5a80000)
  to   space 1024K, 0% used [0x00000000d5880000,0x00000000d5880000,0x00000000d5980000)
 ParOldGen       total 134144K, used 133921K [0x0000000080000000, 0x0000000088300000, 0x00000000d5580000)
  object space 134144K, 99% used [0x0000000080000000,0x00000000882c86b0,0x0000000088300000)
 Metaspace       used 54084K, committed 55296K, reserved 1114112K
  class space    used 5691K, committed 6208K, reserved 1048576K
}
Event: 23.817 GC heap before
{Heap before GC invocations=101 (full 2):
 PSYoungGen      total 4096K, used 3896K [0x00000000d5580000, 0x00000000d5a80000, 0x0000000100000000)
  eden space 3072K, 100% used [0x00000000d5580000,0x00000000d5880000,0x00000000d5880000)
  from space 1024K, 80% used [0x00000000d5980000,0x00000000d5a4e2b0,0x00000000d5a80000)
  to   space 1024K, 0% used [0x00000000d5880000,0x00000000d5880000,0x00000000d5980000)
 ParOldGen       total 134144K, used 133921K [0x0000000080000000, 0x0000000088300000, 0x00000000d5580000)
  object space 134144K, 99% used [0x0000000080000000,0x00000000882c86b0,0x0000000088300000)
 Metaspace       used 54084K, committed 55296K, reserved 1114112K
  class space    used 5691K, committed 6208K, reserved 1048576K
}
Event: 23.819 GC heap after
{Heap after GC invocations=101 (full 2):
 PSYoungGen      total 4096K, used 828K [0x00000000d5580000, 0x00000000d5a80000, 0x0000000100000000)
  eden space 3072K, 0% used [0x00000000d5580000,0x00000000d5580000,0x00000000d5880000)
  from space 1024K, 80% used [0x00000000d5880000,0x00000000d594f230,0x00000000d5980000)
  to   space 1024K, 0% used [0x00000000d5980000,0x00000000d5980000,0x00000000d5a80000)
 ParOldGen       total 134656K, used 134653K [0x0000000080000000, 0x0000000088380000, 0x00000000d5580000)
  object space 134656K, 99% used [0x0000000080000000,0x000000008837f568,0x0000000088380000)
 Metaspace       used 54084K, committed 55296K, reserved 1114112K
  class space    used 5691K, committed 6208K, reserved 1048576K
}
Event: 23.860 GC heap before
{Heap before GC invocations=102 (full 2):
 PSYoungGen      total 4096K, used 3900K [0x00000000d5580000, 0x00000000d5a80000, 0x0000000100000000)
  eden space 3072K, 100% used [0x00000000d5580000,0x00000000d5880000,0x00000000d5880000)
  from space 1024K, 80% used [0x00000000d5880000,0x00000000d594f230,0x00000000d5980000)
  to   space 1024K, 0% used [0x00000000d5980000,0x00000000d5980000,0x00000000d5a80000)
 ParOldGen       total 134656K, used 134653K [0x0000000080000000, 0x0000000088380000, 0x00000000d5580000)
  object space 134656K, 99% used [0x0000000080000000,0x000000008837f568,0x0000000088380000)
 Metaspace       used 54084K, committed 55296K, reserved 1114112K
  class space    used 5691K, committed 6208K, reserved 1048576K
}
Event: 23.862 GC heap after
{Heap after GC invocations=102 (full 2):
 PSYoungGen      total 4096K, used 789K [0x00000000d5580000, 0x00000000d5a80000, 0x0000000100000000)
  eden space 3072K, 0% used [0x00000000d5580000,0x00000000d5580000,0x00000000d5880000)
  from space 1024K, 77% used [0x00000000d5980000,0x00000000d5a455f8,0x00000000d5a80000)
  to   space 1024K, 0% used [0x00000000d5880000,0x00000000d5880000,0x00000000d5980000)
 ParOldGen       total 135680K, used 135370K [0x0000000080000000, 0x0000000088480000, 0x00000000d5580000)
  object space 135680K, 99% used [0x0000000080000000,0x0000000088432918,0x0000000088480000)
 Metaspace       used 54084K, committed 55296K, reserved 1114112K
  class space    used 5691K, committed 6208K, reserved 1048576K
}
Event: 24.017 GC heap before
{Heap before GC invocations=103 (full 2):
 PSYoungGen      total 4096K, used 3861K [0x00000000d5580000, 0x00000000d5a80000, 0x0000000100000000)
  eden space 3072K, 100% used [0x00000000d5580000,0x00000000d5880000,0x00000000d5880000)
  from space 1024K, 77% used [0x00000000d5980000,0x00000000d5a455f8,0x00000000d5a80000)
  to   space 1024K, 0% used [0x00000000d5880000,0x00000000d5880000,0x00000000d5980000)
 ParOldGen       total 135680K, used 135370K [0x0000000080000000, 0x0000000088480000, 0x00000000d5580000)
  object space 135680K, 99% used [0x0000000080000000,0x0000000088432918,0x0000000088480000)
 Metaspace       used 54084K, committed 55296K, reserved 1114112K
  class space    used 5691K, committed 6208K, reserved 1048576K
}
Event: 24.018 GC heap after
{Heap after GC invocations=103 (full 2):
 PSYoungGen      total 4096K, used 781K [0x00000000d5580000, 0x00000000d5a80000, 0x0000000100000000)
  eden space 3072K, 0% used [0x00000000d5580000,0x00000000d5580000,0x00000000d5880000)
  from space 1024K, 76% used [0x00000000d5880000,0x00000000d5943708,0x00000000d5980000)
  to   space 1024K, 0% used [0x00000000d5980000,0x00000000d5980000,0x00000000d5a80000)
 ParOldGen       total 136192K, used 136078K [0x0000000080000000, 0x0000000088500000, 0x00000000d5580000)
  object space 136192K, 99% used [0x0000000080000000,0x00000000884e38a8,0x0000000088500000)
 Metaspace       used 54084K, committed 55296K, reserved 1114112K
  class space    used 5691K, committed 6208K, reserved 1048576K
}

Dll operation events (12 events):
Event: 0.010 Loaded shared library c:\Users\Hp\.vscode\extensions\redhat.java-1.43.1-win32-x64\jre\21.0.7-win32-x86_64\bin\java.dll
Event: 0.070 Loaded shared library c:\Users\Hp\.vscode\extensions\redhat.java-1.43.1-win32-x64\jre\21.0.7-win32-x86_64\bin\zip.dll
Event: 0.099 Loaded shared library C:\Users\Hp\.vscode\extensions\redhat.java-1.43.1-win32-x64\jre\21.0.7-win32-x86_64\bin\instrument.dll
Event: 0.105 Loaded shared library C:\Users\Hp\.vscode\extensions\redhat.java-1.43.1-win32-x64\jre\21.0.7-win32-x86_64\bin\net.dll
Event: 0.107 Loaded shared library C:\Users\Hp\.vscode\extensions\redhat.java-1.43.1-win32-x64\jre\21.0.7-win32-x86_64\bin\nio.dll
Event: 0.112 Loaded shared library C:\Users\Hp\.vscode\extensions\redhat.java-1.43.1-win32-x64\jre\21.0.7-win32-x86_64\bin\zip.dll
Event: 0.132 Loaded shared library C:\Users\Hp\.vscode\extensions\redhat.java-1.43.1-win32-x64\jre\21.0.7-win32-x86_64\bin\jimage.dll
Event: 0.211 Loaded shared library c:\Users\Hp\.vscode\extensions\redhat.java-1.43.1-win32-x64\jre\21.0.7-win32-x86_64\bin\verify.dll
Event: 7.081 Loaded shared library C:\Users\Hp\AppData\Roaming\Code\User\globalStorage\redhat.java\1.43.1\config_win\org.eclipse.equinox.launcher\org.eclipse.equinox.launcher.win32.win32.x86_64_1.2.1300.v20250331-1702\eclipse_11911.dll
Event: 16.294 Loaded shared library C:\Users\Hp\AppData\Local\Temp\jna-2344\jna10617027710176784747.dll
Event: 18.738 Loaded shared library C:\Users\Hp\.vscode\extensions\redhat.java-1.43.1-win32-x64\jre\21.0.7-win32-x86_64\bin\sunmscapi.dll
Event: 18.855 Loaded shared library C:\Users\Hp\.vscode\extensions\redhat.java-1.43.1-win32-x64\jre\21.0.7-win32-x86_64\bin\extnet.dll

Deoptimization events (20 events):
Event: 23.405 Thread 0x0000017b692c0130 DEOPT PACKING pc=0x0000017b0fcdf096 sp=0x0000003cef2fe500
Event: 23.405 Thread 0x0000017b692c0130 DEOPT UNPACKING pc=0x0000017b16154242 sp=0x0000003cef2fd9d8 mode 0
Event: 23.413 Thread 0x0000017b692c0130 DEOPT PACKING pc=0x0000017b0fde07ba sp=0x0000003cef2fe640
Event: 23.413 Thread 0x0000017b692c0130 DEOPT UNPACKING pc=0x0000017b16154242 sp=0x0000003cef2fdbc8 mode 0
Event: 23.422 Thread 0x0000017b692c0130 DEOPT PACKING pc=0x0000017b0fbf8aa5 sp=0x0000003cef2fe660
Event: 23.422 Thread 0x0000017b692c0130 DEOPT UNPACKING pc=0x0000017b16154242 sp=0x0000003cef2fdaf8 mode 0
Event: 23.423 Thread 0x0000017b692c0130 DEOPT PACKING pc=0x0000017b0fde07ba sp=0x0000003cef2fe640
Event: 23.423 Thread 0x0000017b692c0130 DEOPT UNPACKING pc=0x0000017b16154242 sp=0x0000003cef2fdbc8 mode 0
Event: 23.433 Thread 0x0000017b692c0130 DEOPT PACKING pc=0x0000017b0fde07ba sp=0x0000003cef2fe640
Event: 23.433 Thread 0x0000017b692c0130 DEOPT UNPACKING pc=0x0000017b16154242 sp=0x0000003cef2fdbc8 mode 0
Event: 23.441 Thread 0x0000017b692c0130 DEOPT PACKING pc=0x0000017b0fde07ba sp=0x0000003cef2fe640
Event: 23.441 Thread 0x0000017b692c0130 DEOPT UNPACKING pc=0x0000017b16154242 sp=0x0000003cef2fdbc8 mode 0
Event: 23.456 Thread 0x0000017b692c0130 DEOPT PACKING pc=0x0000017b0fde07ba sp=0x0000003cef2fe640
Event: 23.456 Thread 0x0000017b692c0130 DEOPT UNPACKING pc=0x0000017b16154242 sp=0x0000003cef2fdbc8 mode 0
Event: 23.473 Thread 0x0000017b692c0130 Uncommon trap: trap_request=0xffffff6e fr.pc=0x0000017b16c37600 relative=0x0000000000000740
Event: 23.473 Thread 0x0000017b692c0130 Uncommon trap: reason=loop_limit_check action=maybe_recompile pc=0x0000017b16c37600 method=org.eclipse.jdt.internal.compiler.util.HashtableOfObject.rehash()V @ 56 c2
Event: 23.473 Thread 0x0000017b692c0130 DEOPT PACKING pc=0x0000017b16c37600 sp=0x0000003cef2fe4f0
Event: 23.473 Thread 0x0000017b692c0130 DEOPT UNPACKING pc=0x0000017b16153aa2 sp=0x0000003cef2fe498 mode 2
Event: 23.851 Thread 0x0000017b692c0130 DEOPT PACKING pc=0x0000017b0fc2a021 sp=0x0000003cef2feba0
Event: 23.851 Thread 0x0000017b692c0130 DEOPT UNPACKING pc=0x0000017b16154242 sp=0x0000003cef2fdf80 mode 0

Classes loaded (20 events):
Event: 21.070 Loading class java/nio/file/FileTreeWalker$EventType
Event: 21.070 Loading class java/nio/file/FileTreeWalker$EventType done
Event: 21.070 Loading class java/nio/file/Files$3
Event: 21.070 Loading class java/nio/file/Files$3 done
Event: 21.070 Loading class java/nio/file/FileVisitResult
Event: 21.070 Loading class java/nio/file/FileVisitResult done
Event: 21.186 Loading class java/nio/channels/Channels$ReadableByteChannelImpl
Event: 21.187 Loading class java/nio/channels/Channels$ReadableByteChannelImpl done
Event: 21.187 Loading class java/nio/channels/NonWritableChannelException
Event: 21.187 Loading class java/nio/channels/NonWritableChannelException done
Event: 21.544 Loading class java/util/AbstractList$ListItr
Event: 21.544 Loading class java/util/AbstractList$ListItr done
Event: 22.226 Loading class java/util/WeakHashMap$KeyIterator
Event: 22.226 Loading class java/util/WeakHashMap$KeyIterator done
Event: 22.555 Loading class java/util/concurrent/CompletableFuture$AltResult
Event: 22.555 Loading class java/util/concurrent/CompletableFuture$AltResult done
Event: 22.555 Loading class java/util/concurrent/CompletableFuture$Completion
Event: 22.556 Loading class java/util/concurrent/CompletableFuture$AsynchronousCompletionTask
Event: 22.556 Loading class java/util/concurrent/CompletableFuture$AsynchronousCompletionTask done
Event: 22.556 Loading class java/util/concurrent/CompletableFuture$Completion done

Classes unloaded (7 events):
Event: 17.417 Thread 0x0000017b223bfbd0 Unloading class 0x0000017b241a3000 'java/lang/invoke/LambdaForm$MH+0x0000017b241a3000'
Event: 17.417 Thread 0x0000017b223bfbd0 Unloading class 0x0000017b241a2c00 'java/lang/invoke/LambdaForm$MH+0x0000017b241a2c00'
Event: 17.417 Thread 0x0000017b223bfbd0 Unloading class 0x0000017b241a2800 'java/lang/invoke/LambdaForm$MH+0x0000017b241a2800'
Event: 17.417 Thread 0x0000017b223bfbd0 Unloading class 0x0000017b241a2400 'java/lang/invoke/LambdaForm$MH+0x0000017b241a2400'
Event: 17.417 Thread 0x0000017b223bfbd0 Unloading class 0x0000017b241a2000 'java/lang/invoke/LambdaForm$BMH+0x0000017b241a2000'
Event: 17.417 Thread 0x0000017b223bfbd0 Unloading class 0x0000017b241a1c00 'java/lang/invoke/LambdaForm$DMH+0x0000017b241a1c00'
Event: 17.417 Thread 0x0000017b223bfbd0 Unloading class 0x0000017b241a0800 'java/lang/invoke/LambdaForm$DMH+0x0000017b241a0800'

Classes redefined (0 events):
No events

Internal exceptions (20 events):
Event: 22.165 Thread 0x0000017b692bf410 Exception <a 'sun/nio/fs/WindowsException'{0x00000000d5a1f020}> (0x00000000d5a1f020) 
thrown [s\src\hotspot\share\prims\jni.cpp, line 520]
Event: 22.173 Thread 0x0000017b692bf410 Exception <a 'sun/nio/fs/WindowsException'{0x00000000d5d42e20}> (0x00000000d5d42e20) 
thrown [s\src\hotspot\share\prims\jni.cpp, line 520]
Event: 22.173 Thread 0x0000017b692bf410 Exception <a 'sun/nio/fs/WindowsException'{0x00000000d5d43700}> (0x00000000d5d43700) 
thrown [s\src\hotspot\share\prims\jni.cpp, line 520]
Event: 22.179 Thread 0x0000017b692bf410 Exception <a 'sun/nio/fs/WindowsException'{0x00000000d5eb7aa8}> (0x00000000d5eb7aa8) 
thrown [s\src\hotspot\share\prims\jni.cpp, line 520]
Event: 22.179 Thread 0x0000017b692bf410 Exception <a 'sun/nio/fs/WindowsException'{0x00000000d5eb8388}> (0x00000000d5eb8388) 
thrown [s\src\hotspot\share\prims\jni.cpp, line 520]
Event: 22.228 Thread 0x0000017b692bf410 Exception <a 'java/io/FileNotFoundException'{0x00000000d5ed07f0}> (0x00000000d5ed07f0) 
thrown [s\src\hotspot\share\prims\jni.cpp, line 520]
Event: 22.228 Thread 0x0000017b692bf410 Exception <a 'java/io/FileNotFoundException'{0x00000000d5ed17d8}> (0x00000000d5ed17d8) 
thrown [s\src\hotspot\share\prims\jni.cpp, line 520]
Event: 22.228 Thread 0x0000017b692bf410 Exception <a 'java/io/FileNotFoundException'{0x00000000d5ed2518}> (0x00000000d5ed2518) 
thrown [s\src\hotspot\share\prims\jni.cpp, line 520]
Event: 22.372 Thread 0x0000017b6c06b490 Exception <a 'sun/nio/fs/WindowsException'{0x00000000d5e9c028}> (0x00000000d5e9c028) 
thrown [s\src\hotspot\share\prims\jni.cpp, line 520]
Event: 22.372 Thread 0x0000017b6c06b490 Exception <a 'sun/nio/fs/WindowsException'{0x00000000d5e9c658}> (0x00000000d5e9c658) 
thrown [s\src\hotspot\share\prims\jni.cpp, line 520]
Event: 22.373 Thread 0x0000017b6c06b490 Exception <a 'sun/nio/fs/WindowsException'{0x00000000d5ec9828}> (0x00000000d5ec9828) 
thrown [s\src\hotspot\share\prims\jni.cpp, line 520]
Event: 22.374 Thread 0x0000017b6c06b490 Exception <a 'sun/nio/fs/WindowsException'{0x00000000d5eca108}> (0x00000000d5eca108) 
thrown [s\src\hotspot\share\prims\jni.cpp, line 520]
Event: 22.375 Thread 0x0000017b6c06b490 Exception <a 'sun/nio/fs/WindowsException'{0x00000000d5ef14f8}> (0x00000000d5ef14f8) 
thrown [s\src\hotspot\share\prims\jni.cpp, line 520]
Event: 22.376 Thread 0x0000017b6c06b490 Exception <a 'sun/nio/fs/WindowsException'{0x00000000d5ef1b28}> (0x00000000d5ef1b28) 
thrown [s\src\hotspot\share\prims\jni.cpp, line 520]
Event: 22.376 Thread 0x0000017b6c06b490 Exception <a 'sun/nio/fs/WindowsException'{0x00000000d5ef37a0}> (0x00000000d5ef37a0) 
thrown [s\src\hotspot\share\prims\jni.cpp, line 520]
Event: 22.376 Thread 0x0000017b6c06b490 Exception <a 'sun/nio/fs/WindowsException'{0x00000000d5ef4080}> (0x00000000d5ef4080) 
thrown [s\src\hotspot\share\prims\jni.cpp, line 520]
Event: 22.377 Thread 0x0000017b6c06b490 Exception <a 'sun/nio/fs/WindowsException'{0x00000000d5ef6628}> (0x00000000d5ef6628) 
thrown [s\src\hotspot\share\prims\jni.cpp, line 520]
Event: 22.377 Thread 0x0000017b6c06b490 Exception <a 'sun/nio/fs/WindowsException'{0x00000000d5ef6c58}> (0x00000000d5ef6c58) 
thrown [s\src\hotspot\share\prims\jni.cpp, line 520]
Event: 22.614 Thread 0x0000017b6c0693c0 Exception <a 'java/lang/IncompatibleClassChangeError'{0x00000000d56f2c90}: Found class java.lang.Object, but interface was expected> (0x00000000d56f2c90) 
thrown [s\src\hotspot\share\interpreter\linkResolver.cpp, line 840]
Event: 23.341 Thread 0x0000017b692c0130 Implicit null exception at 0x0000017b16c18823 to 0x0000017b16c1ec24

ZGC Phase Switch (0 events):
No events

VM Operations (20 events):
Event: 23.676 Executing VM operation: ParallelGCFailedAllocation (Allocation Failure)
Event: 23.677 Executing VM operation: ParallelGCFailedAllocation (Allocation Failure) done
Event: 23.686 Executing VM operation: ParallelGCFailedAllocation (Allocation Failure)
Event: 23.690 Executing VM operation: ParallelGCFailedAllocation (Allocation Failure) done
Event: 23.698 Executing VM operation: ParallelGCFailedAllocation (Allocation Failure)
Event: 23.699 Executing VM operation: ParallelGCFailedAllocation (Allocation Failure) done
Event: 23.706 Executing VM operation: ParallelGCFailedAllocation (Allocation Failure)
Event: 23.707 Executing VM operation: ParallelGCFailedAllocation (Allocation Failure) done
Event: 23.718 Executing VM operation: ParallelGCFailedAllocation (Allocation Failure)
Event: 23.720 Executing VM operation: ParallelGCFailedAllocation (Allocation Failure) done
Event: 23.757 Executing VM operation: ParallelGCFailedAllocation (Allocation Failure)
Event: 23.759 Executing VM operation: ParallelGCFailedAllocation (Allocation Failure) done
Event: 23.780 Executing VM operation: ParallelGCFailedAllocation (Allocation Failure)
Event: 23.781 Executing VM operation: ParallelGCFailedAllocation (Allocation Failure) done
Event: 23.817 Executing VM operation: ParallelGCFailedAllocation (Allocation Failure)
Event: 23.819 Executing VM operation: ParallelGCFailedAllocation (Allocation Failure) done
Event: 23.860 Executing VM operation: ParallelGCFailedAllocation (Allocation Failure)
Event: 23.862 Executing VM operation: ParallelGCFailedAllocation (Allocation Failure) done
Event: 24.017 Executing VM operation: ParallelGCFailedAllocation (Allocation Failure)
Event: 24.018 Executing VM operation: ParallelGCFailedAllocation (Allocation Failure) done

Memory protections (0 events):
No events

Nmethod flushes (20 events):
Event: 18.713 Thread 0x0000017b223bfbd0 flushing  nmethod 0x0000017b0f274d90
Event: 18.713 Thread 0x0000017b223bfbd0 flushing  nmethod 0x0000017b0f276610
Event: 18.713 Thread 0x0000017b223bfbd0 flushing  nmethod 0x0000017b0f284a10
Event: 18.713 Thread 0x0000017b223bfbd0 flushing  nmethod 0x0000017b0f297d90
Event: 18.713 Thread 0x0000017b223bfbd0 flushing  nmethod 0x0000017b0f29a110
Event: 18.713 Thread 0x0000017b223bfbd0 flushing  nmethod 0x0000017b0f2a0990
Event: 18.713 Thread 0x0000017b223bfbd0 flushing  nmethod 0x0000017b0f2c4f10
Event: 18.713 Thread 0x0000017b223bfbd0 flushing  nmethod 0x0000017b0f2fff90
Event: 18.713 Thread 0x0000017b223bfbd0 flushing  nmethod 0x0000017b0f300390
Event: 18.713 Thread 0x0000017b223bfbd0 flushing  nmethod 0x0000017b0f300c90
Event: 18.713 Thread 0x0000017b223bfbd0 flushing  nmethod 0x0000017b0f301e90
Event: 18.713 Thread 0x0000017b223bfbd0 flushing  nmethod 0x0000017b0f302690
Event: 18.713 Thread 0x0000017b223bfbd0 flushing  nmethod 0x0000017b0f304310
Event: 18.713 Thread 0x0000017b223bfbd0 flushing  nmethod 0x0000017b0f305010
Event: 18.713 Thread 0x0000017b223bfbd0 flushing  nmethod 0x0000017b0f305d10
Event: 18.713 Thread 0x0000017b223bfbd0 flushing  nmethod 0x0000017b0f306210
Event: 18.713 Thread 0x0000017b223bfbd0 flushing  nmethod 0x0000017b0f309190
Event: 18.713 Thread 0x0000017b223bfbd0 flushing  nmethod 0x0000017b0f326f10
Event: 18.713 Thread 0x0000017b223bfbd0 flushing  nmethod 0x0000017b0f34d490
Event: 18.713 Thread 0x0000017b223bfbd0 flushing  nmethod 0x0000017b0f3dd890

Events (20 events):
Event: 17.101 Thread 0x0000017b69558410 Thread added: 0x0000017b692bf410
Event: 18.014 Thread 0x0000017b69558410 Thread added: 0x0000017b692c0130
Event: 18.219 Thread 0x0000017b692c1b70 Thread added: 0x0000017b692c07c0
Event: 18.370 Thread 0x0000017b692c07c0 Thread added: 0x0000017b692c0e50
Event: 18.399 Thread 0x0000017b0b9dc580 Thread added: 0x0000017b692c2200
Event: 18.399 Thread 0x0000017b0b9dc580 Thread added: 0x0000017b692c14e0
Event: 18.399 Thread 0x0000017b0b9dc580 Thread added: 0x0000017b6c06a770
Event: 18.399 Thread 0x0000017b0b9dc580 Thread added: 0x0000017b6c069a50
Event: 18.399 Thread 0x0000017b0b9dc580 Thread added: 0x0000017b6c06ae00
Event: 18.399 Thread 0x0000017b0b9dc580 Thread added: 0x0000017b6c06a0e0
Event: 18.458 Thread 0x0000017b692c0e50 Thread added: 0x0000017b6c06b490
Event: 18.462 Thread 0x0000017b0b9dc580 Thread added: 0x0000017b6c068d30
Event: 18.474 Thread 0x0000017b6c06b490 Thread added: 0x0000017b6c068010
Event: 18.659 Thread 0x0000017b6c068010 Thread added: 0x0000017b6c06bb20
Event: 19.280 Thread 0x0000017b0b9dc580 Thread added: 0x0000017b6c06c840
Event: 19.284 Thread 0x0000017b0b9dc580 Thread added: 0x0000017b6c0693c0
Event: 19.467 Thread 0x0000017b692c1b70 Thread added: 0x0000017b6c06e280
Event: 19.472 Thread 0x0000017b6c06e280 Thread exited: 0x0000017b6c06e280
Event: 19.698 Thread 0x0000017b692c1b70 Thread added: 0x0000017b6c06ced0
Event: 22.480 Thread 0x0000017b69bc04e0 Thread exited: 0x0000017b69bc04e0


Dynamic libraries:
0x00007ff7a2630000 - 0x00007ff7a263e000 	c:\Users\Hp\.vscode\extensions\redhat.java-1.43.1-win32-x64\jre\21.0.7-win32-x86_64\bin\java.exe
0x00007ffd8d4a0000 - 0x00007ffd8d708000 	C:\WINDOWS\SYSTEM32\ntdll.dll
0x00007ffd8c450000 - 0x00007ffd8c519000 	C:\WINDOWS\System32\KERNEL32.DLL
0x00007ffd8a980000 - 0x00007ffd8ad6d000 	C:\WINDOWS\System32\KERNELBASE.dll
0x00007ffd8b0f0000 - 0x00007ffd8b23b000 	C:\WINDOWS\System32\ucrtbase.dll
0x00007ffd80cf0000 - 0x00007ffd80d08000 	c:\Users\Hp\.vscode\extensions\redhat.java-1.43.1-win32-x64\jre\21.0.7-win32-x86_64\bin\jli.dll
0x00007ffd8cc20000 - 0x00007ffd8cdec000 	C:\WINDOWS\System32\USER32.dll
0x00007ffd8a5f0000 - 0x00007ffd8a617000 	C:\WINDOWS\System32\win32u.dll
0x00007ffd8c360000 - 0x00007ffd8c38b000 	C:\WINDOWS\System32\GDI32.dll
0x00007ffd8a840000 - 0x00007ffd8a977000 	C:\WINDOWS\System32\gdi32full.dll
0x00007ffd8b040000 - 0x00007ffd8b0e3000 	C:\WINDOWS\System32\msvcp_win.dll
0x00007ffd6c510000 - 0x00007ffd6c52e000 	c:\Users\Hp\.vscode\extensions\redhat.java-1.43.1-win32-x64\jre\21.0.7-win32-x86_64\bin\VCRUNTIME140.dll
0x00007ffd69cf0000 - 0x00007ffd69f8a000 	C:\WINDOWS\WinSxS\amd64_microsoft.windows.common-controls_6595b64144ccf1df_6.0.26100.4484_none_3e0e6d4ce32ef3b3\COMCTL32.dll
0x00007ffd8c390000 - 0x00007ffd8c439000 	C:\WINDOWS\System32\msvcrt.dll
0x00007ffd8d420000 - 0x00007ffd8d44f000 	C:\WINDOWS\System32\IMM32.DLL
0x00007ffd80d40000 - 0x00007ffd80d4c000 	c:\Users\Hp\.vscode\extensions\redhat.java-1.43.1-win32-x64\jre\21.0.7-win32-x86_64\bin\vcruntime140_1.dll
0x00007ffd0cd40000 - 0x00007ffd0cdcd000 	c:\Users\Hp\.vscode\extensions\redhat.java-1.43.1-win32-x64\jre\21.0.7-win32-x86_64\bin\msvcp140.dll
0x00007ffce14c0000 - 0x00007ffce2250000 	c:\Users\Hp\.vscode\extensions\redhat.java-1.43.1-win32-x64\jre\21.0.7-win32-x86_64\bin\server\jvm.dll
0x00007ffd8c1c0000 - 0x00007ffd8c274000 	C:\WINDOWS\System32\ADVAPI32.dll
0x00007ffd8b240000 - 0x00007ffd8b2e6000 	C:\WINDOWS\System32\sechost.dll
0x00007ffd8bbe0000 - 0x00007ffd8bcf8000 	C:\WINDOWS\System32\RPCRT4.dll
0x00007ffd8c290000 - 0x00007ffd8c304000 	C:\WINDOWS\System32\WS2_32.dll
0x00007ffd89a40000 - 0x00007ffd89a9e000 	C:\WINDOWS\SYSTEM32\POWRPROF.dll
0x00007ffd7b560000 - 0x00007ffd7b595000 	C:\WINDOWS\SYSTEM32\WINMM.dll
0x00007ffd7fde0000 - 0x00007ffd7fdeb000 	C:\WINDOWS\SYSTEM32\VERSION.dll
0x00007ffd89a20000 - 0x00007ffd89a34000 	C:\WINDOWS\SYSTEM32\UMPDC.dll
0x00007ffd89380000 - 0x00007ffd8939b000 	C:\WINDOWS\SYSTEM32\kernel.appcore.dll
0x00007ffd80ce0000 - 0x00007ffd80cea000 	c:\Users\Hp\.vscode\extensions\redhat.java-1.43.1-win32-x64\jre\21.0.7-win32-x86_64\bin\jimage.dll
0x00007ffd87c60000 - 0x00007ffd87ea1000 	C:\WINDOWS\SYSTEM32\DBGHELP.DLL
0x00007ffd8bd00000 - 0x00007ffd8c086000 	C:\WINDOWS\System32\combase.dll
0x00007ffd8baf0000 - 0x00007ffd8bbd0000 	C:\WINDOWS\System32\OLEAUT32.dll
0x00007ffd649b0000 - 0x00007ffd649f3000 	C:\WINDOWS\SYSTEM32\dbgcore.DLL
0x00007ffd8a620000 - 0x00007ffd8a6b9000 	C:\WINDOWS\System32\bcryptPrimitives.dll
0x00007ffd68a50000 - 0x00007ffd68a5f000 	c:\Users\Hp\.vscode\extensions\redhat.java-1.43.1-win32-x64\jre\21.0.7-win32-x86_64\bin\instrument.dll
0x00007ffd6c4f0000 - 0x00007ffd6c50f000 	c:\Users\Hp\.vscode\extensions\redhat.java-1.43.1-win32-x64\jre\21.0.7-win32-x86_64\bin\java.dll
0x00007ffd8b2f0000 - 0x00007ffd8ba3a000 	C:\WINDOWS\System32\SHELL32.dll
0x00007ffd8a6c0000 - 0x00007ffd8a834000 	C:\WINDOWS\System32\wintypes.dll
0x00007ffd88220000 - 0x00007ffd88a7b000 	C:\WINDOWS\SYSTEM32\windows.storage.dll
0x00007ffd8c0c0000 - 0x00007ffd8c1b5000 	C:\WINDOWS\System32\SHCORE.dll
0x00007ffd8cb30000 - 0x00007ffd8cb9a000 	C:\WINDOWS\System32\shlwapi.dll
0x00007ffd8a500000 - 0x00007ffd8a52f000 	C:\WINDOWS\SYSTEM32\profapi.dll
0x00007ffd6a590000 - 0x00007ffd6a5a8000 	c:\Users\Hp\.vscode\extensions\redhat.java-1.43.1-win32-x64\jre\21.0.7-win32-x86_64\bin\zip.dll
0x00007ffd6a580000 - 0x00007ffd6a590000 	C:\Users\Hp\.vscode\extensions\redhat.java-1.43.1-win32-x64\jre\21.0.7-win32-x86_64\bin\net.dll
0x00007ffd82060000 - 0x00007ffd8217e000 	C:\WINDOWS\SYSTEM32\WINHTTP.dll
0x00007ffd899b0000 - 0x00007ffd89a1a000 	C:\WINDOWS\system32\mswsock.dll
0x00007ffd68a60000 - 0x00007ffd68a76000 	C:\Users\Hp\.vscode\extensions\redhat.java-1.43.1-win32-x64\jre\21.0.7-win32-x86_64\bin\nio.dll
0x00007ffd53210000 - 0x00007ffd53220000 	c:\Users\Hp\.vscode\extensions\redhat.java-1.43.1-win32-x64\jre\21.0.7-win32-x86_64\bin\verify.dll
0x00007ffd0ccf0000 - 0x00007ffd0cd35000 	C:\Users\Hp\AppData\Roaming\Code\User\globalStorage\redhat.java\1.43.1\config_win\org.eclipse.equinox.launcher\org.eclipse.equinox.launcher.win32.win32.x86_64_1.2.1300.v20250331-1702\eclipse_11911.dll
0x00007ffd8cdf0000 - 0x00007ffd8cf8e000 	C:\WINDOWS\System32\ole32.dll
0x00007ffd89cf0000 - 0x00007ffd89d0b000 	C:\WINDOWS\SYSTEM32\CRYPTSP.dll
0x00007ffd892e0000 - 0x00007ffd8931b000 	C:\WINDOWS\system32\rsaenh.dll
0x00007ffd89ae0000 - 0x00007ffd89b0b000 	C:\WINDOWS\SYSTEM32\USERENV.dll
0x00007ffd8a4d0000 - 0x00007ffd8a4f6000 	C:\WINDOWS\SYSTEM32\bcrypt.dll
0x00007ffd89d10000 - 0x00007ffd89d1c000 	C:\WINDOWS\SYSTEM32\CRYPTBASE.dll
0x00007ffd88e40000 - 0x00007ffd88e73000 	C:\WINDOWS\SYSTEM32\IPHLPAPI.DLL
0x00007ffd8cb20000 - 0x00007ffd8cb2a000 	C:\WINDOWS\System32\NSI.dll
0x00007ffd08fd0000 - 0x00007ffd09019000 	C:\Users\Hp\AppData\Local\Temp\jna-2344\jna10617027710176784747.dll
0x00007ffd8c280000 - 0x00007ffd8c288000 	C:\WINDOWS\System32\PSAPI.DLL
0x00007ffd821c0000 - 0x00007ffd821df000 	C:\WINDOWS\SYSTEM32\dhcpcsvc6.DLL
0x00007ffd82190000 - 0x00007ffd821b5000 	C:\WINDOWS\SYSTEM32\dhcpcsvc.DLL
0x00007ffd4c670000 - 0x00007ffd4c67e000 	C:\Users\Hp\.vscode\extensions\redhat.java-1.43.1-win32-x64\jre\21.0.7-win32-x86_64\bin\sunmscapi.dll
0x00007ffd8aec0000 - 0x00007ffd8b037000 	C:\WINDOWS\System32\CRYPT32.dll
0x00007ffd89f10000 - 0x00007ffd89f40000 	C:\WINDOWS\SYSTEM32\ncrypt.dll
0x00007ffd89ec0000 - 0x00007ffd89eff000 	C:\WINDOWS\SYSTEM32\NTASN1.dll
0x00007ffd88e80000 - 0x00007ffd88fa6000 	C:\WINDOWS\SYSTEM32\DNSAPI.dll
0x00007ffd80150000 - 0x00007ffd8015b000 	C:\Windows\System32\rasadhlp.dll
0x00007ffd82260000 - 0x00007ffd822e6000 	C:\WINDOWS\System32\fwpuclnt.dll
0x00007ffd42040000 - 0x00007ffd42049000 	C:\Users\Hp\.vscode\extensions\redhat.java-1.43.1-win32-x64\jre\21.0.7-win32-x86_64\bin\extnet.dll

dbghelp: loaded successfully - version: 4.0.5 - missing functions: none
symbol engine: initialized successfully - sym options: 0x614 - pdb path: .;c:\Users\Hp\.vscode\extensions\redhat.java-1.43.1-win32-x64\jre\21.0.7-win32-x86_64\bin;C:\WINDOWS\SYSTEM32;C:\WINDOWS\WinSxS\amd64_microsoft.windows.common-controls_6595b64144ccf1df_6.0.26100.4484_none_3e0e6d4ce32ef3b3;c:\Users\Hp\.vscode\extensions\redhat.java-1.43.1-win32-x64\jre\21.0.7-win32-x86_64\bin\server;C:\Users\Hp\AppData\Roaming\Code\User\globalStorage\redhat.java\1.43.1\config_win\org.eclipse.equinox.launcher\org.eclipse.equinox.launcher.win32.win32.x86_64_1.2.1300.v20250331-1702;C:\Users\Hp\AppData\Local\Temp\jna-2344

VM Arguments:
jvm_args: --add-modules=ALL-SYSTEM --add-opens=java.base/java.util=ALL-UNNAMED --add-opens=java.base/java.lang=ALL-UNNAMED --add-opens=java.base/sun.nio.fs=ALL-UNNAMED -Declipse.application=org.eclipse.jdt.ls.core.id1 -Dosgi.bundles.defaultStartLevel=4 -Declipse.product=org.eclipse.jdt.ls.core.product -Djava.import.generatesMetadataFilesAtProjectRoot=false -DDetectVMInstallationsJob.disabled=true -Dfile.encoding=utf8 -XX:+UseParallelGC -XX:GCTimeRatio=4 -XX:AdaptiveSizePolicyWeight=90 -Dsun.zip.disableMemoryMapping=true -Xmx2G -Xms100m -Xlog:disable -javaagent:c:\Users\Hp\.vscode\extensions\redhat.java-1.43.1-win32-x64\lombok\lombok-1.18.39-4050.jar -XX:+HeapDumpOnOutOfMemoryError -XX:HeapDumpPath=c:\Users\Hp\AppData\Roaming\Code\User\workspaceStorage\ad7014da6c8dbb420a031d44aa673aef\redhat.java -Daether.dependencyCollector.impl=bf 
java_command: c:\Users\Hp\.vscode\extensions\redhat.java-1.43.1-win32-x64\server\plugins\org.eclipse.equinox.launcher_1.7.0.v20250519-0528.jar -configuration c:\Users\Hp\AppData\Roaming\Code\User\globalStorage\redhat.java\1.43.1\config_win -data c:\Users\Hp\AppData\Roaming\Code\User\workspaceStorage\ad7014da6c8dbb420a031d44aa673aef\redhat.java\jdt_ws --pipe=\\.\pipe\lsp-66dcfc4dbefb3d5fbb6b3532d21baac7-sock
java_class_path (initial): c:\Users\Hp\.vscode\extensions\redhat.java-1.43.1-win32-x64\server\plugins\org.eclipse.equinox.launcher_1.7.0.v20250519-0528.jar
Launcher Type: SUN_STANDARD

[Global flags]
    uintx AdaptiveSizePolicyWeight                 = 90                                        {product} {command line}
     intx CICompilerCount                          = 3                                         {product} {ergonomic}
    uintx GCTimeRatio                              = 4                                         {product} {command line}
     bool HeapDumpOnOutOfMemoryError               = true                                   {manageable} {command line}
    ccstr HeapDumpPath                             = c:\Users\Hp\AppData\Roaming\Code\User\workspaceStorage\ad7014da6c8dbb420a031d44aa673aef\redhat.java         {manageable} {command line}
   size_t InitialHeapSize                          = 104857600                                 {product} {command line}
   size_t MaxHeapSize                              = 2147483648                                {product} {command line}
   size_t MaxNewSize                               = 715653120                                 {product} {ergonomic}
   size_t MinHeapDeltaBytes                        = 524288                                    {product} {ergonomic}
   size_t MinHeapSize                              = 104857600                                 {product} {command line}
   size_t NewSize                                  = 34603008                                  {product} {ergonomic}
    uintx NonNMethodCodeHeapSize                   = 5832780                                {pd product} {ergonomic}
    uintx NonProfiledCodeHeapSize                  = 122912730                              {pd product} {ergonomic}
   size_t OldSize                                  = 70254592                                  {product} {ergonomic}
    uintx ProfiledCodeHeapSize                     = 122912730                              {pd product} {ergonomic}
    uintx ReservedCodeCacheSize                    = 251658240                              {pd product} {ergonomic}
     bool SegmentedCodeCache                       = true                                      {product} {ergonomic}
   size_t SoftMaxHeapSize                          = 2147483648                             {manageable} {ergonomic}
     bool UseCompressedOops                        = true                           {product lp64_product} {ergonomic}
     bool UseLargePagesIndividualAllocation        = false                                  {pd product} {ergonomic}
     bool UseParallelGC                            = true                                      {product} {command line}

Logging:
Log output configuration:
 #0: stdout all=off uptime,level,tags foldmultilines=false
 #1: stderr all=off uptime,level,tags foldmultilines=false

Environment Variables:
JAVA_HOME=C:\Program Files\Java\jdk-17
PATH=C:\Program Files\Common Files\Oracle\Java\javapath;c:\Users\Hp\AppData\Local\Programs\cursor\resources\app\bin;C:\windows\system32;C:\windows;C:\windows\System32\Wbem;C:\windows\System32\WindowsPowerShell\v1.0\;C:\windows\System32\OpenSSH\;C:\Program Files (x86)\NVIDIA Corporation\PhysX\Common;D:\Git\cmd;C:\xampp\php;C:\Users\Hp\AppData\Local\Programs\Python\Python312;C:\Users\Hp\AppData\Local\Microsoft\WindowsApps;C:\msys64\mingw64\bin;C:\Users\Hp\AppData\Local\Programs\Python\Python312\Scripts;C:\Users\Hp\AppData\Roaming\npm;C:\ProgramData\chocolatey\bin;C:\Program Files\NVIDIA Corporation\NVIDIA app\NvDLISR;C:\Users\Hp\AppData\Roaming\nvm;C:\Program Files\nodejs;C:\Program Files\PostgreSQL\17\bin;C:\WINDOWS\system32;C:\WINDOWS;C:\WINDOWS\System32\Wbem;C:\WINDOWS\System32\WindowsPowerShell\v1.0\;C:\WINDOWS\System32\OpenSSH\;C:\Program Files\Java\jdk-17\bin;;C:\Program Files\Docker\Docker\resources\bin;C:\Users\Hp\.console-ninja\.bin;C:\Users\Hp\AppData\Local\Programs\Python\Python312;C:\Users\Hp\AppData\Local\Microsoft\WindowsApps;C:\Users\Hp\AppData\Local\Programs\Microsoft VS Code\bin;C:\msys64\mingw64\bin;C:\Users\Hp\AppData\Local\Programs\Python\Python312\Scripts;C:\Users\Hp\AppData\Roaming\nvm;C:\Program Files\nodejs;C:\Users\Hp\AppData\Local\Microsoft\WindowsApps;
USERNAME=Hp
OS=Windows_NT
PROCESSOR_IDENTIFIER=Intel64 Family 6 Model 154 Stepping 3, GenuineIntel
TMP=C:\Users\Hp\AppData\Local\Temp
TEMP=C:\Users\Hp\AppData\Local\Temp




Periodic native trim disabled

---------------  S Y S T E M  ---------------

OS:
 Windows 11 , 64 bit Build 26100 (10.0.26100.4484)
OS uptime: 0 days 2:21 hours
Hyper-V role detected

CPU: total 5 (initial active 5) (6 cores per cpu, 2 threads per core) family 6 model 154 stepping 3 microcode 0x434, cx8, cmov, fxsr, ht, mmx, 3dnowpref, sse, sse2, sse3, ssse3, sse4.1, sse4.2, popcnt, lzcnt, tsc, tscinvbit, avx, avx2, aes, erms, clmul, bmi1, bmi2, adx, sha, fma, vzeroupper, clflush, clflushopt, clwb, hv, serialize, rdtscp, rdpid, fsrm, f16c, cet_ibt, cet_ss
Processor Information for processor 0
  Max Mhz: 2000, Current Mhz: 2000, Mhz Limit: 2000
Processor Information for processor 1
  Max Mhz: 2000, Current Mhz: 2000, Mhz Limit: 2000
Processor Information for processor 2
  Max Mhz: 2000, Current Mhz: 2000, Mhz Limit: 2000
Processor Information for processor 3
  Max Mhz: 2000, Current Mhz: 2000, Mhz Limit: 2000
Processor Information for processor 4
  Max Mhz: 2496, Current Mhz: 2496, Mhz Limit: 2496

Memory: 4k page, system-wide physical 16052M (2085M free)
TotalPageFile size 35856M (AvailPageFile size 2M)
current process WorkingSet (physical memory assigned to process): 373M, peak: 376M
current process commit charge ("private bytes"): 403M, peak: 406M

vm_info: OpenJDK 64-Bit Server VM (21.0.7+6-LTS) for windows-amd64 JRE (21.0.7+6-LTS), built on 2025-04-15T00:00:00Z by "admin" with MS VC++ 17.7 (VS2022)

END.
