#
# There is insufficient memory for the Java Runtime Environment to continue.
# Native memory allocation (malloc) failed to allocate 294816 bytes. Error detail: Chunk::new
# Possible reasons:
#   The system is out of physical RAM or swap space
#   This process is running with CompressedOops enabled, and the Java Heap may be blocking the growth of the native heap
# Possible solutions:
#   Reduce memory load on the system
#   Increase physical memory or swap space
#   Check if swap backing store is full
#   Decrease Java heap size (-Xmx/-Xms)
#   Decrease number of Java threads
#   Decrease Java thread stack sizes (-Xss)
#   Set larger code cache with -XX:ReservedCodeCacheSize=
#   JVM is running with Unscaled Compressed Oops mode in which the Java heap is
#     placed in the first 4GB address space. The Java Heap base address is the
#     maximum limit for the native heap growth. Please use -XX:HeapBaseMinAddress
#     to set the Java Heap base and to place the Java Heap above 4GB virtual address.
# This output file may be truncated or incomplete.
#
#  Out of Memory Error (arena.cpp:168), pid=21252, tid=20744
#
# JRE version: OpenJDK Runtime Environment Temurin-21.0.8+9 (21.0.8+9) (build 21.0.8+9-LTS)
# Java VM: OpenJDK 64-Bit Server VM Temurin-21.0.8+9 (21.0.8+9-LTS, mixed mode, sharing, tiered, compressed oops, compressed class ptrs, parallel gc, windows-amd64)
# No core dump will be written. Minidumps are not enabled by default on client versions of Windows
#

---------------  S U M M A R Y ------------

Command Line: --add-modules=ALL-SYSTEM --add-opens=java.base/java.util=ALL-UNNAMED --add-opens=java.base/java.lang=ALL-UNNAMED --add-opens=java.base/sun.nio.fs=ALL-UNNAMED -Declipse.application=org.eclipse.jdt.ls.core.id1 -Dosgi.bundles.defaultStartLevel=4 -Declipse.product=org.eclipse.jdt.ls.core.product -Djava.import.generatesMetadataFilesAtProjectRoot=false -DDetectVMInstallationsJob.disabled=true -Dfile.encoding=utf8 -XX:+UseParallelGC -XX:GCTimeRatio=4 -XX:AdaptiveSizePolicyWeight=90 -Dsun.zip.disableMemoryMapping=true -Xmx2G -Xms100m -Xlog:disable -javaagent:c:\Users\Hp\.vscode\extensions\redhat.java-1.44.0-win32-x64\lombok\lombok-1.18.39-4050.jar c:\Users\Hp\.vscode\extensions\redhat.java-1.44.0-win32-x64\server\plugins\org.eclipse.equinox.launcher_1.7.0.v20250519-0528.jar -configuration c:\Users\Hp\AppData\Roaming\Code\User\globalStorage\redhat.java\1.44.0\config_ss_win -data c:\Users\Hp\AppData\Roaming\Code\User\workspaceStorage\76969ccdc532963117d31f8a2c84fed6\redhat.java\ss_ws --pipe=\\.\pipe\lsp-aaf73550b3aff7fe13c48f5f8c6db5e4-sock

Host: 12th Gen Intel(R) Core(TM) i5-12450H, 5 cores, 15G,  Windows 11 , 64 bit Build 26100 (10.0.26100.4484)
Time: Mon Aug  4 12:20:14 2025 India Standard Time elapsed time: 3.020439 seconds (0d 0h 0m 3s)

---------------  T H R E A D  ---------------

Current thread (0x0000016ccbc5d3d0):  JavaThread "C2 CompilerThread0" daemon [_thread_in_native, id=20744, stack(0x00000034f1700000,0x00000034f1800000) (1024K)]


Current CompileTask:
C2:3020 1863       4       java.io.DataInputStream::readFully (59 bytes)

Stack: [0x00000034f1700000,0x00000034f1800000]
Native frames: (J=compiled Java code, j=interpreted, Vv=VM code, C=native code)
V  [jvm.dll+0x6d2449]
V  [jvm.dll+0x8ae341]
V  [jvm.dll+0x8b08be]
V  [jvm.dll+0x8b0fa3]
V  [jvm.dll+0x280c96]
V  [jvm.dll+0xc581d]
V  [jvm.dll+0xc5d53]
V  [jvm.dll+0x3b919c]
V  [jvm.dll+0x385315]
V  [jvm.dll+0x38477a]
V  [jvm.dll+0x248ed0]
V  [jvm.dll+0x2484af]
V  [jvm.dll+0x1c89ee]
V  [jvm.dll+0x257d4d]
V  [jvm.dll+0x2562ea]
V  [jvm.dll+0x3f2d16]
V  [jvm.dll+0x857e6b]
V  [jvm.dll+0x6d0b0d]
C  [ucrtbase.dll+0x37b0]
C  [KERNEL32.DLL+0x2e8d7]
C  [ntdll.dll+0x3c34c]


---------------  P R O C E S S  ---------------

Threads class SMR info:
_java_thread_list=0x0000016ce870dc80, length=17, elements={
0x0000016ccbd39390, 0x0000016ccbc479a0, 0x0000016ccbc4a8c0, 0x0000016ccbc4e950,
0x0000016ccbc4f4d0, 0x0000016ccbc50050, 0x0000016ccbc5c5a0, 0x0000016ccbc5d3d0,
0x0000016ccbccfb70, 0x0000016ce362cf40, 0x0000016ce38c9d80, 0x0000016ce3923940,
0x0000016ce84c09c0, 0x0000016ce84c1020, 0x0000016ce85b1a70, 0x0000016ce8776220,
0x0000016ce853cf60
}

Java Threads: ( => current thread )
  0x0000016ccbd39390 JavaThread "main"                              [_thread_blocked, id=20932, stack(0x00000034f0d00000,0x00000034f0e00000) (1024K)]
  0x0000016ccbc479a0 JavaThread "Reference Handler"          daemon [_thread_blocked, id=4256, stack(0x00000034f1100000,0x00000034f1200000) (1024K)]
  0x0000016ccbc4a8c0 JavaThread "Finalizer"                  daemon [_thread_blocked, id=13272, stack(0x00000034f1200000,0x00000034f1300000) (1024K)]
  0x0000016ccbc4e950 JavaThread "Signal Dispatcher"          daemon [_thread_blocked, id=9448, stack(0x00000034f1300000,0x00000034f1400000) (1024K)]
  0x0000016ccbc4f4d0 JavaThread "Attach Listener"            daemon [_thread_blocked, id=10276, stack(0x00000034f1400000,0x00000034f1500000) (1024K)]
  0x0000016ccbc50050 JavaThread "Service Thread"             daemon [_thread_blocked, id=22560, stack(0x00000034f1500000,0x00000034f1600000) (1024K)]
  0x0000016ccbc5c5a0 JavaThread "Monitor Deflation Thread"   daemon [_thread_blocked, id=1960, stack(0x00000034f1600000,0x00000034f1700000) (1024K)]
=>0x0000016ccbc5d3d0 JavaThread "C2 CompilerThread0"         daemon [_thread_in_native, id=20744, stack(0x00000034f1700000,0x00000034f1800000) (1024K)]
  0x0000016ccbccfb70 JavaThread "C1 CompilerThread0"         daemon [_thread_in_vm, id=9804, stack(0x00000034f1800000,0x00000034f1900000) (1024K)]
  0x0000016ce362cf40 JavaThread "Common-Cleaner"             daemon [_thread_blocked, id=10368, stack(0x00000034f1900000,0x00000034f1a00000) (1024K)]
  0x0000016ce38c9d80 JavaThread "Notification Thread"        daemon [_thread_blocked, id=23148, stack(0x00000034f1a00000,0x00000034f1b00000) (1024K)]
  0x0000016ce3923940 JavaThread "Active Thread: Equinox Container: 5b757f95-4e18-439e-abe7-f2f53cd57bed"        [_thread_blocked, id=8200, stack(0x00000034f2000000,0x00000034f2100000) (1024K)]
  0x0000016ce84c09c0 JavaThread "Framework Event Dispatcher: Equinox Container: 5b757f95-4e18-439e-abe7-f2f53cd57bed" daemon [_thread_blocked, id=22920, stack(0x00000034f2100000,0x00000034f2200000) (1024K)]
  0x0000016ce84c1020 JavaThread "Start Level: Equinox Container: 5b757f95-4e18-439e-abe7-f2f53cd57bed" daemon [_thread_blocked, id=17180, stack(0x00000034f2200000,0x00000034f2300000) (1024K)]
  0x0000016ce85b1a70 JavaThread "SCR Component Actor"        daemon [_thread_blocked, id=14688, stack(0x00000034f1b00000,0x00000034f1c00000) (1024K)]
  0x0000016ce8776220 JavaThread "SCR Component Registry"     daemon [_thread_blocked, id=11404, stack(0x00000034f2300000,0x00000034f2400000) (1024K)]
  0x0000016ce853cf60 JavaThread "C2 CompilerThread1"         daemon [_thread_in_native, id=21068, stack(0x00000034f2400000,0x00000034f2500000) (1024K)]
Total: 17

Other Threads:
  0x0000016ccbc2fbd0 VMThread "VM Thread"                           [id=23404, stack(0x00000034f1000000,0x00000034f1100000) (1024K)]
  0x0000016ccbbcca00 WatcherThread "VM Periodic Task Thread"        [id=22620, stack(0x00000034f0f00000,0x00000034f1000000) (1024K)]
  0x0000016ccbd57960 WorkerThread "GC Thread#0"                     [id=11556, stack(0x00000034f0e00000,0x00000034f0f00000) (1024K)]
  0x0000016ce8457e90 WorkerThread "GC Thread#1"                     [id=3692, stack(0x00000034f1c00000,0x00000034f1d00000) (1024K)]
  0x0000016ce8247060 WorkerThread "GC Thread#2"                     [id=13696, stack(0x00000034f1d00000,0x00000034f1e00000) (1024K)]
  0x0000016ce8247400 WorkerThread "GC Thread#3"                     [id=6352, stack(0x00000034f1e00000,0x00000034f1f00000) (1024K)]
  0x0000016ce82477a0 WorkerThread "GC Thread#4"                     [id=23072, stack(0x00000034f1f00000,0x00000034f2000000) (1024K)]
Total: 7

Threads with active compile tasks:
C2 CompilerThread0  3107 1863       4       java.io.DataInputStream::readFully (59 bytes)
C1 CompilerThread0  3107 1886       3       org.eclipse.osgi.internal.serviceregistry.ServiceRegistry::getHookRegistrations (20 bytes)
C2 CompilerThread1  3107 1862   !   4       java.io.BufferedInputStream::read (69 bytes)
Total: 3

VM state: not at safepoint (normal execution)

VM Mutex/Monitor currently owned by a thread:  ([mutex/lock_event])
[0x00007ffc29723fd8] MethodCompileQueue_lock - owner thread: 0x0000016ccbccfb70
[0x00007ffc29725358] CodeCache_lock - owner thread: 0x0000016ccbccfb70
[0x00007ffc297254d8] Compile_lock - owner thread: 0x0000016ccbccfb70

Heap address: 0x0000000080000000, size: 2048 MB, Compressed Oops mode: 32-bit

CDS archive(s) mapped at: [0x0000016c80000000-0x0000016c80ba0000-0x0000016c80ba0000), size 12189696, SharedBaseAddress: 0x0000016c80000000, ArchiveRelocationMode: 1.
Compressed class space mapped at: 0x0000016c81000000-0x0000016cc1000000, reserved size: 1073741824
Narrow klass base: 0x0000016c80000000, Narrow klass shift: 0, Narrow klass range: 0x100000000

GC Precious Log:
 CardTable entry size: 512
 CPUs: 5 total, 5 available
 Memory: 16052M
 Large Page Support: Disabled
 NUMA Support: Disabled
 Compressed Oops: Enabled (32-bit)
 Alignments: Space 512K, Generation 512K, Heap 2M
 Heap Min Capacity: 100M
 Heap Initial Capacity: 100M
 Heap Max Capacity: 2G
 Pre-touch: Disabled
 Parallel Workers: 5

Heap:
 PSYoungGen      total 29696K, used 16680K [0x00000000d5580000, 0x00000000d7680000, 0x0000000100000000)
  eden space 25600K, 49% used [0x00000000d5580000,0x00000000d61cc788,0x00000000d6e80000)
  from space 4096K, 99% used [0x00000000d7280000,0x00000000d767dba8,0x00000000d7680000)
  to   space 4096K, 0% used [0x00000000d6e80000,0x00000000d6e80000,0x00000000d7280000)
 ParOldGen       total 68608K, used 928K [0x0000000080000000, 0x0000000084300000, 0x00000000d5580000)
  object space 68608K, 1% used [0x0000000080000000,0x00000000800e8010,0x0000000084300000)
 Metaspace       used 10657K, committed 10944K, reserved 1114112K
  class space    used 1148K, committed 1280K, reserved 1048576K

Card table byte_map: [0x0000016ccb6e0000,0x0000016ccbaf0000] _byte_map_base: 0x0000016ccb2e0000

Marking Bits: (ParMarkBitMap*) 0x00007ffc2972a340
 Begin Bits: [0x0000016cde1e0000, 0x0000016ce01e0000)
 End Bits:   [0x0000016ce01e0000, 0x0000016ce21e0000)

Polling page: 0x0000016cc9b10000

Metaspace:

Usage:
  Non-class:      9.29 MB used.
      Class:      1.12 MB used.
       Both:     10.41 MB used.

Virtual space:
  Non-class space:       64.00 MB reserved,       9.44 MB ( 15%) committed,  1 nodes.
      Class space:        1.00 GB reserved,       1.25 MB ( <1%) committed,  1 nodes.
             Both:        1.06 GB reserved,      10.69 MB ( <1%) committed. 

Chunk freelists:
   Non-Class:  6.07 MB
       Class:  14.69 MB
        Both:  20.77 MB

MaxMetaspaceSize: unlimited
CompressedClassSpaceSize: 1.00 GB
Initial GC threshold: 21.00 MB
Current GC threshold: 21.00 MB
CDS: on
 - commit_granule_bytes: 65536.
 - commit_granule_words: 8192.
 - virtual_space_node_default_size: 8388608.
 - enlarge_chunks_in_place: 1.
 - use_allocation_guard: 0.


Internal statistics:

num_allocs_failed_limit: 0.
num_arena_births: 250.
num_arena_deaths: 0.
num_vsnodes_births: 2.
num_vsnodes_deaths: 0.
num_space_committed: 171.
num_space_uncommitted: 0.
num_chunks_returned_to_freelist: 0.
num_chunks_taken_from_freelist: 537.
num_chunk_merges: 0.
num_chunk_splits: 351.
num_chunks_enlarged: 247.
num_inconsistent_stats: 0.

CodeHeap 'non-profiled nmethods': size=120000Kb used=777Kb max_used=777Kb free=119222Kb
 bounds [0x0000016cd6a00000, 0x0000016cd6c70000, 0x0000016cddf30000]
CodeHeap 'profiled nmethods': size=120000Kb used=3455Kb max_used=3455Kb free=116544Kb
 bounds [0x0000016ccef30000, 0x0000016ccf290000, 0x0000016cd6460000]
CodeHeap 'non-nmethods': size=5760Kb used=1222Kb max_used=1238Kb free=4537Kb
 bounds [0x0000016cd6460000, 0x0000016cd66d0000, 0x0000016cd6a00000]
CodeCache: size=245760Kb, used=5454Kb, max_used=5470Kb, free=240303Kb
 total_blobs=2367, nmethods=1876, adapters=398, full_count=0
Compilation: enabled, stopped_count=0, restarted_count=0

Compilation events (20 events):
Event: 2.965 Thread 0x0000016ccbccfb70 nmethod 1856 0x0000016ccf27a690 code [0x0000016ccf27a9c0, 0x0000016ccf27c190]
Event: 2.965 Thread 0x0000016ccbccfb70 1857       3       java.lang.invoke.VarHandleByteArrayAsLongs$ArrayHandle::get (36 bytes)
Event: 2.965 Thread 0x0000016ccbccfb70 nmethod 1857 0x0000016ccf27c890 code [0x0000016ccf27ca60, 0x0000016ccf27ce38]
Event: 2.965 Thread 0x0000016ccbccfb70 1858       3       java.lang.invoke.VarHandleByteArrayAsLongs$ArrayHandle::index (13 bytes)
Event: 2.965 Thread 0x0000016ccbccfb70 nmethod 1858 0x0000016ccf27d010 code [0x0000016ccf27d1c0, 0x0000016ccf27d308]
Event: 2.965 Thread 0x0000016ccbccfb70 1860       3       org.eclipse.osgi.container.ModuleDatabase::readLock (11 bytes)
Event: 2.965 Thread 0x0000016ccbccfb70 nmethod 1860 0x0000016ccf27d410 code [0x0000016ccf27d5c0, 0x0000016ccf27d7b8]
Event: 2.965 Thread 0x0000016ccbccfb70 1861       3       org.eclipse.osgi.container.ModuleDatabase::readUnlock (11 bytes)
Event: 2.966 Thread 0x0000016ccbccfb70 nmethod 1861 0x0000016ccf27d910 code [0x0000016ccf27db00, 0x0000016ccf27de88]
Event: 2.969 Thread 0x0000016ccbc5d3d0 nmethod 1851 0x0000016cd6ac0010 code [0x0000016cd6ac01e0, 0x0000016cd6ac0a40]
Event: 2.969 Thread 0x0000016ccbc5d3d0 1863       4       java.io.DataInputStream::readFully (59 bytes)
Event: 2.969 Thread 0x0000016ce853cf60 1867 %     4       java.io.DataInputStream::readUTF @ 92 (501 bytes)
Event: 2.972 Thread 0x0000016ccbccfb70 1870       1       org.eclipse.osgi.storage.BundleInfo::getBundleId (5 bytes)
Event: 2.973 Thread 0x0000016ccbccfb70 nmethod 1870 0x0000016cd6ac0e10 code [0x0000016cd6ac0fa0, 0x0000016cd6ac1068]
Event: 2.973 Thread 0x0000016ccbccfb70 1871   !   3       org.eclipse.osgi.internal.framework.BundleContextImpl::dispatchEvent (577 bytes)
Event: 3.015 Thread 0x0000016ccbccfb70 nmethod 1871 0x0000016ccf27e010 code [0x0000016ccf27ea80, 0x0000016ccf284568]
Event: 3.017 Thread 0x0000016ccbccfb70 1872       3       org.eclipse.osgi.internal.framework.EquinoxBundle::getState (101 bytes)
Event: 3.018 Thread 0x0000016ccbccfb70 nmethod 1872 0x0000016ccf287990 code [0x0000016ccf287c00, 0x0000016ccf288578]
Event: 3.018 Thread 0x0000016ccbccfb70 1873   !   3       org.eclipse.osgi.internal.framework.EquinoxBundle::$SWITCH_TABLE$org$eclipse$osgi$container$Module$State (115 bytes)
Event: 3.018 Thread 0x0000016ccbccfb70 nmethod 1873 0x0000016ccf288910 code [0x0000016ccf288b00, 0x0000016ccf289058]

GC Heap History (4 events):
Event: 1.077 GC heap before
{Heap before GC invocations=1 (full 0):
 PSYoungGen      total 29696K, used 25600K [0x00000000d5580000, 0x00000000d7680000, 0x0000000100000000)
  eden space 25600K, 100% used [0x00000000d5580000,0x00000000d6e80000,0x00000000d6e80000)
  from space 4096K, 0% used [0x00000000d7280000,0x00000000d7280000,0x00000000d7680000)
  to   space 4096K, 0% used [0x00000000d6e80000,0x00000000d6e80000,0x00000000d7280000)
 ParOldGen       total 68608K, used 0K [0x0000000080000000, 0x0000000084300000, 0x00000000d5580000)
  object space 68608K, 0% used [0x0000000080000000,0x0000000080000000,0x0000000084300000)
 Metaspace       used 4296K, committed 4544K, reserved 1114112K
  class space    used 471K, committed 576K, reserved 1048576K
}
Event: 1.083 GC heap after
{Heap after GC invocations=1 (full 0):
 PSYoungGen      total 29696K, used 3334K [0x00000000d5580000, 0x00000000d7680000, 0x0000000100000000)
  eden space 25600K, 0% used [0x00000000d5580000,0x00000000d5580000,0x00000000d6e80000)
  from space 4096K, 81% used [0x00000000d6e80000,0x00000000d71c1bb8,0x00000000d7280000)
  to   space 4096K, 0% used [0x00000000d7280000,0x00000000d7280000,0x00000000d7680000)
 ParOldGen       total 68608K, used 8K [0x0000000080000000, 0x0000000084300000, 0x00000000d5580000)
  object space 68608K, 0% used [0x0000000080000000,0x0000000080002000,0x0000000084300000)
 Metaspace       used 4296K, committed 4544K, reserved 1114112K
  class space    used 471K, committed 576K, reserved 1048576K
}
Event: 2.223 GC heap before
{Heap before GC invocations=2 (full 0):
 PSYoungGen      total 29696K, used 28934K [0x00000000d5580000, 0x00000000d7680000, 0x0000000100000000)
  eden space 25600K, 100% used [0x00000000d5580000,0x00000000d6e80000,0x00000000d6e80000)
  from space 4096K, 81% used [0x00000000d6e80000,0x00000000d71c1bb8,0x00000000d7280000)
  to   space 4096K, 0% used [0x00000000d7280000,0x00000000d7280000,0x00000000d7680000)
 ParOldGen       total 68608K, used 8K [0x0000000080000000, 0x0000000084300000, 0x00000000d5580000)
  object space 68608K, 0% used [0x0000000080000000,0x0000000080002000,0x0000000084300000)
 Metaspace       used 8165K, committed 8448K, reserved 1114112K
  class space    used 871K, committed 1024K, reserved 1048576K
}
Event: 2.226 GC heap after
{Heap after GC invocations=2 (full 0):
 PSYoungGen      total 29696K, used 4086K [0x00000000d5580000, 0x00000000d7680000, 0x0000000100000000)
  eden space 25600K, 0% used [0x00000000d5580000,0x00000000d5580000,0x00000000d6e80000)
  from space 4096K, 99% used [0x00000000d7280000,0x00000000d767dba8,0x00000000d7680000)
  to   space 4096K, 0% used [0x00000000d6e80000,0x00000000d6e80000,0x00000000d7280000)
 ParOldGen       total 68608K, used 928K [0x0000000080000000, 0x0000000084300000, 0x00000000d5580000)
  object space 68608K, 1% used [0x0000000080000000,0x00000000800e8010,0x0000000084300000)
 Metaspace       used 8165K, committed 8448K, reserved 1114112K
  class space    used 871K, committed 1024K, reserved 1048576K
}

Dll operation events (9 events):
Event: 0.052 Loaded shared library c:\Users\Hp\.vscode\extensions\redhat.java-1.44.0-win32-x64\jre\21.0.8-win32-x86_64\bin\java.dll
Event: 0.220 Loaded shared library c:\Users\Hp\.vscode\extensions\redhat.java-1.44.0-win32-x64\jre\21.0.8-win32-x86_64\bin\zip.dll
Event: 0.250 Loaded shared library C:\Users\Hp\.vscode\extensions\redhat.java-1.44.0-win32-x64\jre\21.0.8-win32-x86_64\bin\instrument.dll
Event: 0.254 Loaded shared library C:\Users\Hp\.vscode\extensions\redhat.java-1.44.0-win32-x64\jre\21.0.8-win32-x86_64\bin\net.dll
Event: 0.256 Loaded shared library C:\Users\Hp\.vscode\extensions\redhat.java-1.44.0-win32-x64\jre\21.0.8-win32-x86_64\bin\nio.dll
Event: 0.258 Loaded shared library C:\Users\Hp\.vscode\extensions\redhat.java-1.44.0-win32-x64\jre\21.0.8-win32-x86_64\bin\zip.dll
Event: 0.270 Loaded shared library C:\Users\Hp\.vscode\extensions\redhat.java-1.44.0-win32-x64\jre\21.0.8-win32-x86_64\bin\jimage.dll
Event: 0.364 Loaded shared library c:\Users\Hp\.vscode\extensions\redhat.java-1.44.0-win32-x64\jre\21.0.8-win32-x86_64\bin\verify.dll
Event: 2.164 Loaded shared library C:\Users\Hp\AppData\Roaming\Code\User\globalStorage\redhat.java\1.44.0\config_ss_win\org.eclipse.equinox.launcher\org.eclipse.equinox.launcher.win32.win32.x86_64_1.2.1400.v20250730-1736\eclipse_11913.dll

Deoptimization events (20 events):
Event: 2.186 Thread 0x0000016ce84c1020 Uncommon trap: trap_request=0xffffff45 fr.pc=0x0000016cd6a7d534 relative=0x0000000000000094
Event: 2.186 Thread 0x0000016ce84c1020 Uncommon trap: reason=unstable_if action=reinterpret pc=0x0000016cd6a7d534 method=java.util.concurrent.locks.ReentrantLock$Sync.tryRelease(I)Z @ 26 c2
Event: 2.186 Thread 0x0000016ce84c1020 DEOPT PACKING pc=0x0000016cd6a7d534 sp=0x00000034f22fe840
Event: 2.186 Thread 0x0000016ce84c1020 DEOPT UNPACKING pc=0x0000016cd64b3aa2 sp=0x00000034f22fe7c0 mode 2
Event: 2.189 Thread 0x0000016ce84c1020 Uncommon trap: trap_request=0xffffff6e fr.pc=0x0000016cd6a6f3a8 relative=0x0000000000000368
Event: 2.189 Thread 0x0000016ce84c1020 Uncommon trap: reason=loop_limit_check action=maybe_recompile pc=0x0000016cd6a6f3a8 method=java.lang.StringLatin1.indexOf([BI[BII)I @ 37 c2
Event: 2.189 Thread 0x0000016ce84c1020 DEOPT PACKING pc=0x0000016cd6a6f3a8 sp=0x00000034f22fd1c0
Event: 2.189 Thread 0x0000016ce84c1020 DEOPT UNPACKING pc=0x0000016cd64b3aa2 sp=0x00000034f22fd120 mode 2
Event: 2.931 Thread 0x0000016ce84c1020 Uncommon trap: trap_request=0xffffff45 fr.pc=0x0000016cd6aa70a0 relative=0x00000000000009c0
Event: 2.931 Thread 0x0000016ce84c1020 Uncommon trap: reason=unstable_if action=reinterpret pc=0x0000016cd6aa70a0 method=java.util.concurrent.ConcurrentHashMap.putVal(Ljava/lang/Object;Ljava/lang/Object;Z)Ljava/lang/Object; @ 148 c2
Event: 2.931 Thread 0x0000016ce84c1020 DEOPT PACKING pc=0x0000016cd6aa70a0 sp=0x00000034f22f9110
Event: 2.931 Thread 0x0000016ce84c1020 DEOPT UNPACKING pc=0x0000016cd64b3aa2 sp=0x00000034f22f9080 mode 2
Event: 2.937 Thread 0x0000016ce84c1020 Uncommon trap: trap_request=0xffffff45 fr.pc=0x0000016cd6ab3d5c relative=0x000000000000145c
Event: 2.937 Thread 0x0000016ce84c1020 Uncommon trap: reason=unstable_if action=reinterpret pc=0x0000016cd6ab3d5c method=java.io.WinNTFileSystem.normalize(Ljava/lang/String;II)Ljava/lang/String; @ 100 c2
Event: 2.937 Thread 0x0000016ce84c1020 DEOPT PACKING pc=0x0000016cd6ab3d5c sp=0x00000034f22f9440
Event: 2.937 Thread 0x0000016ce84c1020 DEOPT UNPACKING pc=0x0000016cd64b3aa2 sp=0x00000034f22f9380 mode 2
Event: 2.960 Thread 0x0000016ce84c1020 Uncommon trap: trap_request=0xffffff45 fr.pc=0x0000016cd6a7dbb4 relative=0x0000000000000094
Event: 2.960 Thread 0x0000016ce84c1020 Uncommon trap: reason=unstable_if action=reinterpret pc=0x0000016cd6a7dbb4 method=java.io.BufferedInputStream.getBufIfOpen(Z)[B @ 13 c2
Event: 2.960 Thread 0x0000016ce84c1020 DEOPT PACKING pc=0x0000016cd6a7dbb4 sp=0x00000034f22f8d20
Event: 2.960 Thread 0x0000016ce84c1020 DEOPT UNPACKING pc=0x0000016cd64b3aa2 sp=0x00000034f22f8ca0 mode 2

Classes loaded (20 events):
Event: 2.836 Loading class java/io/CharConversionException done
Event: 2.836 Loading class com/sun/org/apache/xerces/internal/impl/io/MalformedByteSequenceException done
Event: 2.881 Loading class java/util/concurrent/RejectedExecutionException
Event: 2.881 Loading class java/util/concurrent/RejectedExecutionException done
Event: 2.881 Loading class java/util/concurrent/CompletionStage
Event: 2.881 Loading class java/util/concurrent/CompletionStage done
Event: 2.890 Loading class java/util/Timer
Event: 2.890 Loading class java/util/Timer done
Event: 2.890 Loading class java/util/TaskQueue
Event: 2.890 Loading class java/util/TaskQueue done
Event: 2.890 Loading class java/util/TimerThread
Event: 2.891 Loading class java/util/TimerThread done
Event: 2.891 Loading class java/util/Timer$ThreadReaper
Event: 2.891 Loading class java/util/Timer$ThreadReaper done
Event: 2.905 Loading class java/util/concurrent/locks/ReentrantLock$FairSync
Event: 2.905 Loading class java/util/concurrent/locks/ReentrantLock$FairSync done
Event: 2.908 Loading class java/util/Collections$ReverseComparator
Event: 2.908 Loading class java/util/Collections$ReverseComparator done
Event: 2.957 Loading class java/lang/CloneNotSupportedException
Event: 2.957 Loading class java/lang/CloneNotSupportedException done

Classes unloaded (0 events):
No events

Classes redefined (0 events):
No events

Internal exceptions (20 events):
Event: 1.086 Thread 0x0000016ccbd39390 Exception <a 'java/lang/ClassNotFoundException'{0x00000000d5593cb8}: sun/net/www/protocol/c/Handler> (0x00000000d5593cb8) 
thrown [s\src\hotspot\share\classfile\systemDictionary.cpp, line 312]
Event: 1.087 Thread 0x0000016ccbd39390 Exception <a 'java/lang/ClassNotFoundException'{0x00000000d5594ff8}: sun/net/www/protocol/e/Handler> (0x00000000d5594ff8) 
thrown [s\src\hotspot\share\classfile\systemDictionary.cpp, line 312]
Event: 1.087 Thread 0x0000016ccbd39390 Exception <a 'java/lang/ClassNotFoundException'{0x00000000d5596150}: sun/net/www/protocol/c/Handler> (0x00000000d5596150) 
thrown [s\src\hotspot\share\classfile\systemDictionary.cpp, line 312]
Event: 1.093 Thread 0x0000016ccbd39390 Exception <a 'java/io/FileNotFoundException'{0x00000000d55baaf0}> (0x00000000d55baaf0) 
thrown [s\src\hotspot\share\prims\jni.cpp, line 520]
Event: 1.115 Thread 0x0000016ccbd39390 Implicit null exception at 0x0000016cd6a69d49 to 0x0000016cd6a6a7f4
Event: 1.116 Thread 0x0000016ccbd39390 Implicit null exception at 0x0000016cd6a5a69a to 0x0000016cd6a5a8a4
Event: 1.116 Thread 0x0000016ccbd39390 Exception <a 'java/lang/NoSuchMethodError'{0x00000000d5767af0}: 'void java.lang.invoke.DirectMethodHandle$Holder.invokeStatic(java.lang.Object, java.lang.Object, java.lang.Object, java.lang.Object)'> (0x00000000d5767af0) 
thrown [s\src\hotspot\share\interpreter\linkResolver.cpp, line 773]
Event: 1.117 Thread 0x0000016ccbd39390 Implicit null exception at 0x0000016cd6a5df1a to 0x0000016cd6a5e124
Event: 1.117 Thread 0x0000016ccbd39390 Implicit null exception at 0x0000016cd6a5763d to 0x0000016cd6a576c1
Event: 1.176 Thread 0x0000016ccbd39390 Exception <a 'java/lang/NoSuchMethodError'{0x00000000d59ddbd0}: 'void java.lang.invoke.DirectMethodHandle$Holder.invokeSpecial(java.lang.Object, java.lang.Object, java.lang.Object)'> (0x00000000d59ddbd0) 
thrown [s\src\hotspot\share\interpreter\linkResolver.cpp, line 773]
Event: 1.626 Thread 0x0000016ccbd39390 Exception <a 'java/lang/NoSuchMethodError'{0x00000000d628b9f0}: 'int java.lang.invoke.DirectMethodHandle$Holder.invokeVirtual(java.lang.Object, java.lang.Object)'> (0x00000000d628b9f0) 
thrown [s\src\hotspot\share\interpreter\linkResolver.cpp, line 773]
Event: 1.693 Thread 0x0000016ccbd39390 Exception <a 'java/lang/NoSuchMethodError'{0x00000000d63ff248}: 'int java.lang.invoke.DirectMethodHandle$Holder.invokeStaticInit(java.lang.Object, java.lang.Object, java.lang.Object, java.lang.Object)'> (0x00000000d63ff248) 
thrown [s\src\hotspot\share\interpreter\linkResolver.cpp, line 773]
Event: 1.694 Thread 0x0000016ccbd39390 Exception <a 'java/lang/IncompatibleClassChangeError'{0x00000000d64076d0}: Found class java.lang.Object, but interface was expected> (0x00000000d64076d0) 
thrown [s\src\hotspot\share\interpreter\linkResolver.cpp, line 840]
Event: 1.695 Thread 0x0000016ccbd39390 Exception <a 'java/lang/NoSuchMethodError'{0x00000000d640dce0}: 'void java.lang.invoke.DirectMethodHandle$Holder.invokeStaticInit(java.lang.Object, java.lang.Object)'> (0x00000000d640dce0) 
thrown [s\src\hotspot\share\interpreter\linkResolver.cpp, line 773]
Event: 1.695 Thread 0x0000016ccbd39390 Exception <a 'java/lang/NoSuchMethodError'{0x00000000d6416f58}: 'int java.lang.invoke.DirectMethodHandle$Holder.invokeStaticInit(java.lang.Object, java.lang.Object)'> (0x00000000d6416f58) 
thrown [s\src\hotspot\share\interpreter\linkResolver.cpp, line 773]
Event: 1.775 Thread 0x0000016ccbd39390 Exception <a 'java/lang/NoSuchMethodError'{0x00000000d665c1c8}: 'java.lang.Object java.lang.invoke.DirectMethodHandle$Holder.newInvokeSpecial(java.lang.Object, int, java.lang.Object)'> (0x00000000d665c1c8) 
thrown [s\src\hotspot\share\interpreter\linkResolver.cpp, line 773]
Event: 1.852 Thread 0x0000016ccbd39390 Exception <a 'java/lang/ClassNotFoundException'{0x00000000d6867230}: sun/net/www/protocol/plurl/Handler> (0x00000000d6867230) 
thrown [s\src\hotspot\share\classfile\systemDictionary.cpp, line 312]
Event: 2.121 Thread 0x0000016ccbd39390 Exception <a 'java/lang/UnsatisfiedLinkError'{0x00000000d6ca1a78}: 'void org.eclipse.equinox.launcher.JNIBridge._update_splash()'> (0x00000000d6ca1a78) 
thrown [s\src\hotspot\share\prims\nativeLookup.cpp, line 415]
Event: 2.289 Thread 0x0000016ce84c1020 Exception <a 'java/lang/NullPointerException'{0x00000000d5847c20}> (0x00000000d5847c20) 
thrown [s\src\hotspot\share\interpreter\linkResolver.cpp, line 1372]
Event: 2.289 Thread 0x0000016ce84c1020 Exception <a 'java/lang/NullPointerException'{0x00000000d5847f00}> (0x00000000d5847f00) 
thrown [s\src\hotspot\share\interpreter\linkResolver.cpp, line 1372]

ZGC Phase Switch (0 events):
No events

VM Operations (20 events):
Event: 0.686 Executing VM operation: HandshakeAllThreads (Deoptimize)
Event: 0.686 Executing VM operation: HandshakeAllThreads (Deoptimize) done
Event: 1.061 Executing VM operation: HandshakeAllThreads (Deoptimize)
Event: 1.061 Executing VM operation: HandshakeAllThreads (Deoptimize) done
Event: 1.065 Executing VM operation: ICBufferFull
Event: 1.065 Executing VM operation: ICBufferFull done
Event: 1.077 Executing VM operation: ParallelGCFailedAllocation (Allocation Failure)
Event: 1.083 Executing VM operation: ParallelGCFailedAllocation (Allocation Failure) done
Event: 1.752 Executing VM operation: HandshakeAllThreads (Deoptimize)
Event: 1.752 Executing VM operation: HandshakeAllThreads (Deoptimize) done
Event: 1.764 Executing VM operation: HandshakeAllThreads (Deoptimize)
Event: 1.764 Executing VM operation: HandshakeAllThreads (Deoptimize) done
Event: 1.835 Executing VM operation: HandshakeAllThreads (Deoptimize)
Event: 1.835 Executing VM operation: HandshakeAllThreads (Deoptimize) done
Event: 1.850 Executing VM operation: HandshakeAllThreads (Deoptimize)
Event: 1.850 Executing VM operation: HandshakeAllThreads (Deoptimize) done
Event: 2.223 Executing VM operation: ParallelGCFailedAllocation (Allocation Failure)
Event: 2.226 Executing VM operation: ParallelGCFailedAllocation (Allocation Failure) done
Event: 2.906 Executing VM operation: HandshakeAllThreads (Deoptimize)
Event: 2.906 Executing VM operation: HandshakeAllThreads (Deoptimize) done

Memory protections (0 events):
No events

Nmethod flushes (0 events):
No events

Events (20 events):
Event: 0.086 Thread 0x0000016ccbd39390 Thread added: 0x0000016ccbc479a0
Event: 0.086 Thread 0x0000016ccbd39390 Thread added: 0x0000016ccbc4a8c0
Event: 0.087 Thread 0x0000016ccbd39390 Thread added: 0x0000016ccbc4e950
Event: 0.087 Thread 0x0000016ccbd39390 Thread added: 0x0000016ccbc4f4d0
Event: 0.087 Thread 0x0000016ccbd39390 Thread added: 0x0000016ccbc50050
Event: 0.087 Thread 0x0000016ccbd39390 Thread added: 0x0000016ccbc5c5a0
Event: 0.087 Thread 0x0000016ccbd39390 Thread added: 0x0000016ccbc5d3d0
Event: 0.099 Thread 0x0000016ccbd39390 Thread added: 0x0000016ccbccfb70
Event: 0.211 Thread 0x0000016ccbd39390 Thread added: 0x0000016ce362cf40
Event: 0.468 Thread 0x0000016ccbd39390 Thread added: 0x0000016ce38c9d80
Event: 0.648 Thread 0x0000016ccbccfb70 Thread added: 0x0000016ce397c5a0
Event: 1.350 Thread 0x0000016ce397c5a0 Thread exited: 0x0000016ce397c5a0
Event: 1.422 Thread 0x0000016ccbccfb70 Thread added: 0x0000016ce85b1a70
Event: 1.703 Thread 0x0000016ccbd39390 Thread added: 0x0000016ce3923940
Event: 2.117 Thread 0x0000016ccbd39390 Thread added: 0x0000016ce84c09c0
Event: 2.120 Thread 0x0000016ccbd39390 Thread added: 0x0000016ce84c1020
Event: 2.221 Thread 0x0000016ce85b1a70 Thread exited: 0x0000016ce85b1a70
Event: 2.243 Thread 0x0000016ce84c1020 Thread added: 0x0000016ce85b1a70
Event: 2.891 Thread 0x0000016ce84c1020 Thread added: 0x0000016ce8776220
Event: 2.969 Thread 0x0000016ccbc5d3d0 Thread added: 0x0000016ce853cf60


Dynamic libraries:
0x00007ff7336f0000 - 0x00007ff7336fe000 	c:\Users\Hp\.vscode\extensions\redhat.java-1.44.0-win32-x64\jre\21.0.8-win32-x86_64\bin\java.exe
0x00007ffcc5da0000 - 0x00007ffcc6008000 	C:\WINDOWS\SYSTEM32\ntdll.dll
0x00007ffcc3ee0000 - 0x00007ffcc3fa9000 	C:\WINDOWS\System32\KERNEL32.DLL
0x00007ffcc2ef0000 - 0x00007ffcc32dd000 	C:\WINDOWS\System32\KERNELBASE.dll
0x00007ffc93f40000 - 0x00007ffc93f58000 	c:\Users\Hp\.vscode\extensions\redhat.java-1.44.0-win32-x64\jre\21.0.8-win32-x86_64\bin\jli.dll
0x00007ffcc4280000 - 0x00007ffcc444c000 	C:\WINDOWS\System32\USER32.dll
0x00007ffcc35a0000 - 0x00007ffcc35c7000 	C:\WINDOWS\System32\win32u.dll
0x00007ffcc59b0000 - 0x00007ffcc59db000 	C:\WINDOWS\System32\GDI32.dll
0x00007ffcc3460000 - 0x00007ffcc3597000 	C:\WINDOWS\System32\gdi32full.dll
0x00007ffcc35d0000 - 0x00007ffcc3673000 	C:\WINDOWS\System32\msvcp_win.dll
0x00007ffc9a170000 - 0x00007ffc9a18e000 	c:\Users\Hp\.vscode\extensions\redhat.java-1.44.0-win32-x64\jre\21.0.8-win32-x86_64\bin\VCRUNTIME140.dll
0x00007ffca12f0000 - 0x00007ffca158a000 	C:\WINDOWS\WinSxS\amd64_microsoft.windows.common-controls_6595b64144ccf1df_6.0.26100.4484_none_3e0e6d4ce32ef3b3\COMCTL32.dll
0x00007ffcc48e0000 - 0x00007ffcc4989000 	C:\WINDOWS\System32\msvcrt.dll
0x00007ffcc3870000 - 0x00007ffcc39bb000 	C:\WINDOWS\System32\ucrtbase.dll
0x00007ffcc5b60000 - 0x00007ffcc5b8f000 	C:\WINDOWS\System32\IMM32.DLL
0x00007ffca2d80000 - 0x00007ffca2d8c000 	c:\Users\Hp\.vscode\extensions\redhat.java-1.44.0-win32-x64\jre\21.0.8-win32-x86_64\bin\vcruntime140_1.dll
0x00007ffc3d730000 - 0x00007ffc3d7bd000 	c:\Users\Hp\.vscode\extensions\redhat.java-1.44.0-win32-x64\jre\21.0.8-win32-x86_64\bin\msvcp140.dll
0x00007ffc28a70000 - 0x00007ffc29807000 	c:\Users\Hp\.vscode\extensions\redhat.java-1.44.0-win32-x64\jre\21.0.8-win32-x86_64\bin\server\jvm.dll
0x00007ffcc5ba0000 - 0x00007ffcc5c54000 	C:\WINDOWS\System32\ADVAPI32.dll
0x00007ffcc3cb0000 - 0x00007ffcc3d56000 	C:\WINDOWS\System32\sechost.dll
0x00007ffcc5a40000 - 0x00007ffcc5b58000 	C:\WINDOWS\System32\RPCRT4.dll
0x00007ffcc3e60000 - 0x00007ffcc3ed4000 	C:\WINDOWS\System32\WS2_32.dll
0x00007ffcc1e70000 - 0x00007ffcc1ece000 	C:\WINDOWS\SYSTEM32\POWRPROF.dll
0x00007ffcb9210000 - 0x00007ffcb9245000 	C:\WINDOWS\SYSTEM32\WINMM.dll
0x00007ffcb1c20000 - 0x00007ffcb1c2b000 	C:\WINDOWS\SYSTEM32\VERSION.dll
0x00007ffcc1e50000 - 0x00007ffcc1e64000 	C:\WINDOWS\SYSTEM32\UMPDC.dll
0x00007ffcc1d00000 - 0x00007ffcc1d1b000 	C:\WINDOWS\SYSTEM32\kernel.appcore.dll
0x00007ffca2c40000 - 0x00007ffca2c4a000 	c:\Users\Hp\.vscode\extensions\redhat.java-1.44.0-win32-x64\jre\21.0.8-win32-x86_64\bin\jimage.dll
0x00007ffcc0fa0000 - 0x00007ffcc11e1000 	C:\WINDOWS\SYSTEM32\DBGHELP.DLL
0x00007ffcc52a0000 - 0x00007ffcc5626000 	C:\WINDOWS\System32\combase.dll
0x00007ffcc3fb0000 - 0x00007ffcc4090000 	C:\WINDOWS\System32\OLEAUT32.dll
0x00007ffc9c580000 - 0x00007ffc9c5c3000 	C:\WINDOWS\SYSTEM32\dbgcore.DLL
0x00007ffcc3710000 - 0x00007ffcc37a9000 	C:\WINDOWS\System32\bcryptPrimitives.dll
0x00007ffcbb450000 - 0x00007ffcbb45f000 	c:\Users\Hp\.vscode\extensions\redhat.java-1.44.0-win32-x64\jre\21.0.8-win32-x86_64\bin\instrument.dll
0x00007ffc90580000 - 0x00007ffc9059f000 	c:\Users\Hp\.vscode\extensions\redhat.java-1.44.0-win32-x64\jre\21.0.8-win32-x86_64\bin\java.dll
0x00007ffcc4990000 - 0x00007ffcc50da000 	C:\WINDOWS\System32\SHELL32.dll
0x00007ffcc32e0000 - 0x00007ffcc3454000 	C:\WINDOWS\System32\wintypes.dll
0x00007ffcc0600000 - 0x00007ffcc0e5b000 	C:\WINDOWS\SYSTEM32\windows.storage.dll
0x00007ffcc3d60000 - 0x00007ffcc3e55000 	C:\WINDOWS\System32\SHCORE.dll
0x00007ffcc5630000 - 0x00007ffcc569a000 	C:\WINDOWS\System32\shlwapi.dll
0x00007ffcc2e00000 - 0x00007ffcc2e2f000 	C:\WINDOWS\SYSTEM32\profapi.dll
0x00007ffc8b2d0000 - 0x00007ffc8b2e8000 	c:\Users\Hp\.vscode\extensions\redhat.java-1.44.0-win32-x64\jre\21.0.8-win32-x86_64\bin\zip.dll
0x00007ffca1590000 - 0x00007ffca15a0000 	C:\Users\Hp\.vscode\extensions\redhat.java-1.44.0-win32-x64\jre\21.0.8-win32-x86_64\bin\net.dll
0x00007ffcb8b40000 - 0x00007ffcb8c5e000 	C:\WINDOWS\SYSTEM32\WINHTTP.dll
0x00007ffcc2340000 - 0x00007ffcc23aa000 	C:\WINDOWS\system32\mswsock.dll
0x00007ffc852c0000 - 0x00007ffc852d6000 	C:\Users\Hp\.vscode\extensions\redhat.java-1.44.0-win32-x64\jre\21.0.8-win32-x86_64\bin\nio.dll
0x00007ffcb9b00000 - 0x00007ffcb9b10000 	c:\Users\Hp\.vscode\extensions\redhat.java-1.44.0-win32-x64\jre\21.0.8-win32-x86_64\bin\verify.dll
0x00007ffc7fba0000 - 0x00007ffc7fbe5000 	C:\Users\Hp\AppData\Roaming\Code\User\globalStorage\redhat.java\1.44.0\config_ss_win\org.eclipse.equinox.launcher\org.eclipse.equinox.launcher.win32.win32.x86_64_1.2.1400.v20250730-1736\eclipse_11913.dll
0x00007ffcc50e0000 - 0x00007ffcc527e000 	C:\WINDOWS\System32\ole32.dll

JVMTI agents:
c:\Users\Hp\.vscode\extensions\redhat.java-1.44.0-win32-x64\lombok\lombok-1.18.39-4050.jar path:c:\Users\Hp\.vscode\extensions\redhat.java-1.44.0-win32-x64\jre\21.0.8-win32-x86_64\bin\instrument.dll, loaded, initialized, instrumentlib options:none

dbghelp: loaded successfully - version: 4.0.5 - missing functions: none
symbol engine: initialized successfully - sym options: 0x614 - pdb path: .;c:\Users\Hp\.vscode\extensions\redhat.java-1.44.0-win32-x64\jre\21.0.8-win32-x86_64\bin;C:\WINDOWS\SYSTEM32;C:\WINDOWS\WinSxS\amd64_microsoft.windows.common-controls_6595b64144ccf1df_6.0.26100.4484_none_3e0e6d4ce32ef3b3;c:\Users\Hp\.vscode\extensions\redhat.java-1.44.0-win32-x64\jre\21.0.8-win32-x86_64\bin\server;C:\Users\Hp\AppData\Roaming\Code\User\globalStorage\redhat.java\1.44.0\config_ss_win\org.eclipse.equinox.launcher\org.eclipse.equinox.launcher.win32.win32.x86_64_1.2.1400.v20250730-1736

VM Arguments:
jvm_args: --add-modules=ALL-SYSTEM --add-opens=java.base/java.util=ALL-UNNAMED --add-opens=java.base/java.lang=ALL-UNNAMED --add-opens=java.base/sun.nio.fs=ALL-UNNAMED -Declipse.application=org.eclipse.jdt.ls.core.id1 -Dosgi.bundles.defaultStartLevel=4 -Declipse.product=org.eclipse.jdt.ls.core.product -Djava.import.generatesMetadataFilesAtProjectRoot=false -DDetectVMInstallationsJob.disabled=true -Dfile.encoding=utf8 -XX:+UseParallelGC -XX:GCTimeRatio=4 -XX:AdaptiveSizePolicyWeight=90 -Dsun.zip.disableMemoryMapping=true -Xmx2G -Xms100m -Xlog:disable -javaagent:c:\Users\Hp\.vscode\extensions\redhat.java-1.44.0-win32-x64\lombok\lombok-1.18.39-4050.jar 
java_command: c:\Users\Hp\.vscode\extensions\redhat.java-1.44.0-win32-x64\server\plugins\org.eclipse.equinox.launcher_1.7.0.v20250519-0528.jar -configuration c:\Users\Hp\AppData\Roaming\Code\User\globalStorage\redhat.java\1.44.0\config_ss_win -data c:\Users\Hp\AppData\Roaming\Code\User\workspaceStorage\76969ccdc532963117d31f8a2c84fed6\redhat.java\ss_ws --pipe=\\.\pipe\lsp-aaf73550b3aff7fe13c48f5f8c6db5e4-sock
java_class_path (initial): c:\Users\Hp\.vscode\extensions\redhat.java-1.44.0-win32-x64\server\plugins\org.eclipse.equinox.launcher_1.7.0.v20250519-0528.jar
Launcher Type: SUN_STANDARD

[Global flags]
    uintx AdaptiveSizePolicyWeight                 = 90                                        {product} {command line}
     intx CICompilerCount                          = 3                                         {product} {ergonomic}
    uintx GCTimeRatio                              = 4                                         {product} {command line}
   size_t InitialHeapSize                          = 104857600                                 {product} {command line}
   size_t MaxHeapSize                              = 2147483648                                {product} {command line}
   size_t MaxNewSize                               = 715653120                                 {product} {ergonomic}
   size_t MinHeapDeltaBytes                        = 524288                                    {product} {ergonomic}
   size_t MinHeapSize                              = 104857600                                 {product} {command line}
   size_t NewSize                                  = 34603008                                  {product} {ergonomic}
    uintx NonNMethodCodeHeapSize                   = 5832780                                {pd product} {ergonomic}
    uintx NonProfiledCodeHeapSize                  = 122912730                              {pd product} {ergonomic}
   size_t OldSize                                  = 70254592                                  {product} {ergonomic}
    uintx ProfiledCodeHeapSize                     = 122912730                              {pd product} {ergonomic}
    uintx ReservedCodeCacheSize                    = 251658240                              {pd product} {ergonomic}
     bool SegmentedCodeCache                       = true                                      {product} {ergonomic}
   size_t SoftMaxHeapSize                          = 2147483648                             {manageable} {ergonomic}
     bool UseCompressedOops                        = true                           {product lp64_product} {ergonomic}
     bool UseLargePagesIndividualAllocation        = false                                  {pd product} {ergonomic}
     bool UseParallelGC                            = true                                      {product} {command line}

Logging:
Log output configuration:
 #0: stdout all=off uptime,level,tags foldmultilines=false
 #1: stderr all=off uptime,level,tags foldmultilines=false

Environment Variables:
JAVA_HOME=C:\Program Files\Java\jdk-17
PATH=C:\Program Files\Common Files\Oracle\Java\javapath;c:\Users\Hp\AppData\Local\Programs\cursor\resources\app\bin;C:\windows\system32;C:\windows;C:\windows\System32\Wbem;C:\windows\System32\WindowsPowerShell\v1.0\;C:\windows\System32\OpenSSH\;C:\Program Files (x86)\NVIDIA Corporation\PhysX\Common;D:\Git\cmd;C:\xampp\php;C:\Users\Hp\AppData\Local\Programs\Python\Python312;C:\Users\Hp\AppData\Local\Microsoft\WindowsApps;C:\msys64\mingw64\bin;C:\Users\Hp\AppData\Local\Programs\Python\Python312\Scripts;C:\Users\Hp\AppData\Roaming\npm;C:\ProgramData\chocolatey\bin;C:\Program Files\NVIDIA Corporation\NVIDIA app\NvDLISR;C:\Users\Hp\AppData\Roaming\nvm;C:\Program Files\nodejs;C:\Program Files\PostgreSQL\17\bin;C:\WINDOWS\system32;C:\WINDOWS;C:\WINDOWS\System32\Wbem;C:\WINDOWS\System32\WindowsPowerShell\v1.0\;C:\WINDOWS\System32\OpenSSH\;C:\Program Files\Java\jdk-17\bin;C:\Users\Hp\AppData\Local\Android\Sdk\platform-tools;C:\Users\Hp\.console-ninja\.bin;C:\Users\Hp\AppData\Local\Programs\Python\Python312;C:\Users\Hp\AppData\Local\Microsoft\WindowsApps;C:\Users\Hp\AppData\Local\Programs\Microsoft VS Code\bin;C:\msys64\mingw64\bin;C:\Users\Hp\AppData\Local\Programs\Python\Python312\Scripts;C:\Users\Hp\AppData\Roaming\nvm;C:\Program Files\nodejs;C:\Users\Hp\AppData\Local\Microsoft\WindowsApps;
USERNAME=Hp
OS=Windows_NT
PROCESSOR_IDENTIFIER=Intel64 Family 6 Model 154 Stepping 3, GenuineIntel
TMP=C:\Users\Hp\AppData\Local\Temp
TEMP=C:\Users\Hp\AppData\Local\Temp




Periodic native trim disabled

---------------  S Y S T E M  ---------------

OS:
 Windows 11 , 64 bit Build 26100 (10.0.26100.4484)
OS uptime: 1 days 20:37 hours
Hyper-V role detected

CPU: total 5 (initial active 5) (6 cores per cpu, 2 threads per core) family 6 model 154 stepping 3 microcode 0x434, cx8, cmov, fxsr, ht, mmx, 3dnowpref, sse, sse2, sse3, ssse3, sse4.1, sse4.2, popcnt, lzcnt, tsc, tscinvbit, avx, avx2, aes, erms, clmul, bmi1, bmi2, adx, sha, fma, vzeroupper, clflush, clflushopt, clwb, hv, serialize, rdtscp, rdpid, fsrm, f16c, cet_ibt, cet_ss
Processor Information for processor 0
  Max Mhz: 2000, Current Mhz: 2000, Mhz Limit: 2000
Processor Information for processor 1
  Max Mhz: 2000, Current Mhz: 2000, Mhz Limit: 2000
Processor Information for processor 2
  Max Mhz: 2000, Current Mhz: 2000, Mhz Limit: 2000
Processor Information for processor 3
  Max Mhz: 2000, Current Mhz: 2000, Mhz Limit: 2000
Processor Information for processor 4
  Max Mhz: 2496, Current Mhz: 2496, Mhz Limit: 2496

Memory: 4k page, system-wide physical 16052M (3960M free)
TotalPageFile size 35856M (AvailPageFile size 0M)
current process WorkingSet (physical memory assigned to process): 100M, peak: 100M
current process commit charge ("private bytes"): 235M, peak: 235M

vm_info: OpenJDK 64-Bit Server VM (21.0.8+9-LTS) for windows-amd64 JRE (21.0.8+9-LTS), built on 2025-07-15T00:00:00Z by "admin" with MS VC++ 17.7 (VS2022)

END.
